<?xml version="1.0" encoding="UTF-8"?>
<testsuite xmlns:xsi="http://www.w3.org/2001/XMLSchema-instance" xsi:noNamespaceSchemaLocation="https://maven.apache.org/surefire/maven-surefire-plugin/xsd/surefire-test-report-3.0.xsd" version="3.0" name="com.example.moneymarket.repository.GLMovementAccrualRepositoryNativeQueryTest" time="1.962" tests="3" errors="0" skipped="0" failures="0">
  <properties>
[...]
</properties>
  <testcase name="testFindDrCrSummationNative_CorrectStructure" classname="com.example.moneymarket.repository.GLMovementAccrualRepositoryNativeQueryTest" time="0.023">
    <system-out><![CDATA[2025-10-30 10:07:14 [main] INFO  o.s.t.c.s.AnnotationConfigContextLoaderUtils [] - Could not detect default configuration classes for test class [com.example.moneymarket.repository.GLMovementAccrualRepositoryNativeQueryTest]: GLMovementAccrualRepositoryNativeQueryTest does not declare any static, non-private, non-final, nested classes annotated with @Configuration.
2025-10-30 10:07:14 [main] INFO  o.s.b.t.c.SpringBootTestContextBootstrapper [] - Found @SpringBootConfiguration com.example.moneymarket.MoneyMarketApplication for test class com.example.moneymarket.repository.GLMovementAccrualRepositoryNativeQueryTest

  .   ____          _            __ _ _
 /\\ / ___'_ __ _ _(_)_ __  __ _ \ \ \ \
( ( )\___ | '_ | '_| | '_ \/ _` | \ \ \ \
 \\/  ___)| |_)| | | | | || (_| |  ) ) ) )
  '  |____| .__|_| |_|_| |_\__, | / / / /
 =========|_|==============|___/=/_/_/_/
 :: Spring Boot ::                (v3.1.5)

2025-10-30 10:07:14 [main] INFO  c.e.m.r.GLMovementAccrualRepositoryNativeQueryTest [] - Starting GLMovementAccrualRepositoryNativeQueryTest using Java 21.0.7 with PID 11912 (started by aemon in G:\Backup-Source Code\Money Market PTTP-reback\moneymarket)
2025-10-30 10:07:14 [main] DEBUG c.e.m.r.GLMovementAccrualRepositoryNativeQueryTest [] - Running with Spring Boot v3.1.5, Spring v6.0.13
2025-10-30 10:07:14 [main] INFO  c.e.m.r.GLMovementAccrualRepositoryNativeQueryTest [] - The following 1 profile is active: "test"
2025-10-30 10:07:15 [main] INFO  o.s.d.r.c.RepositoryConfigurationDelegate [] - Bootstrapping Spring Data JPA repositories in DEFAULT mode.
2025-10-30 10:07:15 [main] INFO  o.s.d.r.c.RepositoryConfigurationDelegate [] - Finished Spring Data repository scanning in 80 ms. Found 17 JPA repository interfaces.
2025-10-30 10:07:15 [main] INFO  o.s.b.t.a.j.TestDatabaseAutoConfiguration$EmbeddedDataSourceBeanFactoryPostProcessor [] - Replacing 'dataSource' DataSource bean with embedded version
2025-10-30 10:07:15 [main] INFO  o.s.j.d.e.EmbeddedDatabaseFactory [] - Starting embedded database: url='jdbc:h2:mem:2984099e-7ad2-4458-b5e6-1e5036c98c9e;DB_CLOSE_DELAY=-1;DB_CLOSE_ON_EXIT=false', username='sa'
2025-10-30 10:07:15 [main] INFO  o.h.jpa.internal.util.LogHelper [] - HHH000204: Processing PersistenceUnitInfo [name: default]
2025-10-30 10:07:15 [main] INFO  o.s.o.j.p.SpringPersistenceUnitInfo [] - No LoadTimeWeaver setup: ignoring JPA class transformer
2025-10-30 10:07:15 [main] WARN  org.hibernate.orm.deprecation [] - HHH90000025: H2Dialect does not need to be specified explicitly using 'hibernate.dialect' (remove the property setting and it will be selected by default)
2025-10-30 10:07:15 [main] INFO  o.h.e.t.j.p.i.JtaPlatformInitiator [] - HHH000489: No JTA platform available (set 'hibernate.transaction.jta.platform' to enable JTA platform integration)
2025-10-30 10:07:15 [main] DEBUG org.hibernate.SQL [] - 
    drop table if exists account_seq cascade 
Hibernate: 
    drop table if exists account_seq cascade 
2025-10-30 10:07:15 [main] DEBUG org.hibernate.SQL [] - 
    drop table if exists acct_bal cascade 
Hibernate: 
    drop table if exists acct_bal cascade 
2025-10-30 10:07:15 [main] DEBUG org.hibernate.SQL [] - 
    drop table if exists acct_bal_accrual cascade 
Hibernate: 
    drop table if exists acct_bal_accrual cascade 
2025-10-30 10:07:15 [main] DEBUG org.hibernate.SQL [] - 
    drop table if exists cust_acct_master cascade 
Hibernate: 
    drop table if exists cust_acct_master cascade 
2025-10-30 10:07:15 [main] DEBUG org.hibernate.SQL [] - 
    drop table if exists cust_master cascade 
Hibernate: 
    drop table if exists cust_master cascade 
2025-10-30 10:07:15 [main] DEBUG org.hibernate.SQL [] - 
    drop table if exists eod_log_table cascade 
Hibernate: 
    drop table if exists eod_log_table cascade 
2025-10-30 10:07:15 [main] DEBUG org.hibernate.SQL [] - 
    drop table if exists gl_balance cascade 
Hibernate: 
    drop table if exists gl_balance cascade 
2025-10-30 10:07:15 [main] DEBUG org.hibernate.SQL [] - 
    drop table if exists gl_movement cascade 
Hibernate: 
    drop table if exists gl_movement cascade 
2025-10-30 10:07:15 [main] DEBUG org.hibernate.SQL [] - 
    drop table if exists gl_movement_accrual cascade 
Hibernate: 
    drop table if exists gl_movement_accrual cascade 
2025-10-30 10:07:15 [main] DEBUG org.hibernate.SQL [] - 
    drop table if exists gl_setup cascade 
Hibernate: 
    drop table if exists gl_setup cascade 
2025-10-30 10:07:15 [main] DEBUG org.hibernate.SQL [] - 
    drop table if exists interest_rate_master cascade 
Hibernate: 
    drop table if exists interest_rate_master cascade 
2025-10-30 10:07:15 [main] DEBUG org.hibernate.SQL [] - 
    drop table if exists intt_accr_tran cascade 
Hibernate: 
    drop table if exists intt_accr_tran cascade 
2025-10-30 10:07:15 [main] DEBUG org.hibernate.SQL [] - 
    drop table if exists of_acct_master cascade 
Hibernate: 
    drop table if exists of_acct_master cascade 
2025-10-30 10:07:15 [main] DEBUG org.hibernate.SQL [] - 
    drop table if exists parameter_table cascade 
Hibernate: 
    drop table if exists parameter_table cascade 
2025-10-30 10:07:15 [main] DEBUG org.hibernate.SQL [] - 
    drop table if exists prod_master cascade 
Hibernate: 
    drop table if exists prod_master cascade 
2025-10-30 10:07:15 [main] DEBUG org.hibernate.SQL [] - 
    drop table if exists sub_prod_master cascade 
Hibernate: 
    drop table if exists sub_prod_master cascade 
2025-10-30 10:07:15 [main] DEBUG org.hibernate.SQL [] - 
    drop table if exists tran_table cascade 
Hibernate: 
    drop table if exists tran_table cascade 
2025-10-30 10:07:15 [main] DEBUG org.hibernate.SQL [] - 
    create table account_seq (
        seq_number integer not null,
        last_updated timestamp(6) not null,
        gl_num varchar(9) not null,
        primary key (gl_num)
    )
Hibernate: 
    create table account_seq (
        seq_number integer not null,
        last_updated timestamp(6) not null,
        gl_num varchar(9) not null,
        primary key (gl_num)
    )
2025-10-30 10:07:15 [main] DEBUG org.hibernate.SQL [] - 
    create table acct_bal (
        available_balance numeric(20,2) not null,
        closing_bal numeric(20,2),
        cr_summation numeric(20,2),
        current_balance numeric(20,2) not null,
        dr_summation numeric(20,2),
        opening_bal numeric(20,2),
        tran_date date not null,
        last_updated timestamp(6) not null,
        account_no varchar(13) not null,
        primary key (tran_date, account_no)
    )
Hibernate: 
    create table acct_bal (
        available_balance numeric(20,2) not null,
        closing_bal numeric(20,2),
        cr_summation numeric(20,2),
        current_balance numeric(20,2) not null,
        dr_summation numeric(20,2),
        opening_bal numeric(20,2),
        tran_date date not null,
        last_updated timestamp(6) not null,
        account_no varchar(13) not null,
        primary key (tran_date, account_no)
    )
2025-10-30 10:07:15 [main] DEBUG org.hibernate.SQL [] - 
    create table acct_bal_accrual (
        accrual_date date not null,
        closing_bal numeric(20,2),
        cr_summation numeric(20,2),
        dr_summation numeric(20,2),
        interest_amount numeric(20,2) not null,
        opening_bal numeric(20,2),
        tran_date date,
        accr_bal_id bigint generated by default as identity,
        gl_num varchar(9),
        account_no varchar(13) not null,
        primary key (accr_bal_id)
    )
Hibernate: 
    create table acct_bal_accrual (
        accrual_date date not null,
        closing_bal numeric(20,2),
        cr_summation numeric(20,2),
        dr_summation numeric(20,2),
        interest_amount numeric(20,2) not null,
        opening_bal numeric(20,2),
        tran_date date,
        accr_bal_id bigint generated by default as identity,
        gl_num varchar(9),
        account_no varchar(13) not null,
        primary key (accr_bal_id)
    )
2025-10-30 10:07:15 [main] DEBUG org.hibernate.SQL [] - 
    create table cust_acct_master (
        cust_id integer not null,
        date_closure date,
        date_maturity date,
        date_opening date not null,
        loan_limit numeric(18,2),
        sub_product_id integer not null,
        tenor integer,
        branch_code varchar(10) not null,
        account_no varchar(13) not null,
        gl_num varchar(20) not null,
        acct_name varchar(100) not null,
        cust_name varchar(100),
        account_status varchar(255) not null check (account_status in ('Active','Inactive','Closed','Dormant')),
        primary key (account_no)
    )
Hibernate: 
    create table cust_acct_master (
        cust_id integer not null,
        date_closure date,
        date_maturity date,
        date_opening date not null,
        loan_limit numeric(18,2),
        sub_product_id integer not null,
        tenor integer,
        branch_code varchar(10) not null,
        account_no varchar(13) not null,
        gl_num varchar(20) not null,
        acct_name varchar(100) not null,
        cust_name varchar(100),
        account_status varchar(255) not null check (account_status in ('Active','Inactive','Closed','Dormant')),
        primary key (account_no)
    )
2025-10-30 10:07:15 [main] DEBUG org.hibernate.SQL [] - 
    create table cust_master (
        cust_id integer not null,
        entry_date date not null,
        entry_time time(6) not null,
        verification_date date,
        verification_time time(6),
        branch_code varchar(10),
        mobile varchar(15),
        ext_cust_id varchar(20) not null,
        maker_id varchar(20) not null,
        verifier_id varchar(20),
        first_name varchar(50),
        last_name varchar(50),
        trade_name varchar(100),
        address_1 varchar(200),
        cust_type varchar(255) not null check (cust_type in ('Individual','Corporate','Bank')),
        primary key (cust_id)
    )
Hibernate: 
    create table cust_master (
        cust_id integer not null,
        entry_date date not null,
        entry_time time(6) not null,
        verification_date date,
        verification_time time(6),
        branch_code varchar(10),
        mobile varchar(15),
        ext_cust_id varchar(20) not null,
        maker_id varchar(20) not null,
        verifier_id varchar(20),
        first_name varchar(50),
        last_name varchar(50),
        trade_name varchar(100),
        address_1 varchar(200),
        cust_type varchar(255) not null check (cust_type in ('Individual','Corporate','Bank')),
        primary key (cust_id)
    )
2025-10-30 10:07:15 [main] DEBUG org.hibernate.SQL [] - 
    create table eod_log_table (
        eod_date date not null,
        records_processed integer,
        system_date date not null,
        created_timestamp timestamp(6) not null,
        end_timestamp timestamp(6),
        eod_log_id bigint generated by default as identity,
        start_timestamp timestamp(6) not null,
        user_id varchar(20) not null,
        job_name varchar(50) not null,
        failed_at_step varchar(500),
        error_message TEXT,
        status varchar(255) not null check (status in ('Running','Success','Failed')),
        primary key (eod_log_id)
    )
Hibernate: 
    create table eod_log_table (
        eod_date date not null,
        records_processed integer,
        system_date date not null,
        created_timestamp timestamp(6) not null,
        end_timestamp timestamp(6),
        eod_log_id bigint generated by default as identity,
        start_timestamp timestamp(6) not null,
        user_id varchar(20) not null,
        job_name varchar(50) not null,
        failed_at_step varchar(500),
        error_message TEXT,
        status varchar(255) not null check (status in ('Running','Success','Failed')),
        primary key (eod_log_id)
    )
2025-10-30 10:07:15 [main] DEBUG org.hibernate.SQL [] - 
    create table gl_balance (
        closing_bal numeric(20,2),
        cr_summation numeric(20,2),
        current_balance numeric(20,2) not null,
        dr_summation numeric(20,2),
        opening_bal numeric(20,2),
        tran_date date not null,
        id bigint generated by default as identity,
        last_updated timestamp(6) not null,
        gl_num varchar(9) not null,
        primary key (id),
        constraint uq_gl_balance_gl_num_tran_date unique (gl_num, tran_date)
    )
Hibernate: 
    create table gl_balance (
        closing_bal numeric(20,2),
        cr_summation numeric(20,2),
        current_balance numeric(20,2) not null,
        dr_summation numeric(20,2),
        opening_bal numeric(20,2),
        tran_date date not null,
        id bigint generated by default as identity,
        last_updated timestamp(6) not null,
        gl_num varchar(9) not null,
        primary key (id),
        constraint uq_gl_balance_gl_num_tran_date unique (gl_num, tran_date)
    )
2025-10-30 10:07:15 [main] DEBUG org.hibernate.SQL [] - 
    create table gl_movement (
        amount numeric(20,2) not null,
        balance_after numeric(20,2) not null,
        fcy_amt numeric(20,2),
        lcy_amt numeric(20,2),
        tran_ccy varchar(3),
        tran_date date not null,
        value_date date not null,
        movement_id bigint generated by default as identity,
        gl_num varchar(9) not null,
        tran_id varchar(20) not null,
        narration varchar(100),
        dr_cr_flag varchar(255) not null check (dr_cr_flag in ('D','C')),
        primary key (movement_id)
    )
Hibernate: 
    create table gl_movement (
        amount numeric(20,2) not null,
        balance_after numeric(20,2) not null,
        fcy_amt numeric(20,2),
        lcy_amt numeric(20,2),
        tran_ccy varchar(3),
        tran_date date not null,
        value_date date not null,
        movement_id bigint generated by default as identity,
        gl_num varchar(9) not null,
        tran_id varchar(20) not null,
        narration varchar(100),
        dr_cr_flag varchar(255) not null check (dr_cr_flag in ('D','C')),
        primary key (movement_id)
    )
2025-10-30 10:07:15 [main] DEBUG org.hibernate.SQL [] - 
    create table gl_movement_accrual (
        accrual_date date not null,
        amount numeric(20,2) not null,
        exchange_rate numeric(10,4),
        fcy_amt numeric(20,2),
        lcy_amt numeric(20,2),
        tran_ccy varchar(3),
        tran_date date,
        movement_id bigint generated by default as identity,
        gl_num varchar(9) not null,
        accr_tran_id varchar(20) not null,
        tran_id varchar(20),
        narration varchar(100),
        dr_cr_flag varchar(255) not null check (dr_cr_flag in ('D','C')),
        status varchar(255) not null check (status in ('Pending','Posted','Verified')),
        primary key (movement_id)
    )
Hibernate: 
    create table gl_movement_accrual (
        accrual_date date not null,
        amount numeric(20,2) not null,
        exchange_rate numeric(10,4),
        fcy_amt numeric(20,2),
        lcy_amt numeric(20,2),
        tran_ccy varchar(3),
        tran_date date,
        movement_id bigint generated by default as identity,
        gl_num varchar(9) not null,
        accr_tran_id varchar(20) not null,
        tran_id varchar(20),
        narration varchar(100),
        dr_cr_flag varchar(255) not null check (dr_cr_flag in ('D','C')),
        status varchar(255) not null check (status in ('Pending','Posted','Verified')),
        primary key (movement_id)
    )
2025-10-30 10:07:15 [main] DEBUG org.hibernate.SQL [] - 
    create table gl_setup (
        layer_id integer,
        gl_num varchar(9) not null,
        layer_gl_num varchar(9),
        parent_gl_num varchar(9),
        gl_name varchar(50),
        primary key (gl_num)
    )
Hibernate: 
    create table gl_setup (
        layer_id integer,
        gl_num varchar(9) not null,
        layer_gl_num varchar(9),
        parent_gl_num varchar(9),
        gl_name varchar(50),
        primary key (gl_num)
    )
2025-10-30 10:07:15 [main] DEBUG org.hibernate.SQL [] - 
    create table interest_rate_master (
        intt_effctv_date date not null,
        intt_rate numeric(5,2) not null,
        intt_code varchar(20) not null,
        primary key (intt_code)
    )
Hibernate: 
    create table interest_rate_master (
        intt_effctv_date date not null,
        intt_rate numeric(5,2) not null,
        intt_code varchar(20) not null,
        primary key (intt_code)
    )
2025-10-30 10:07:15 [main] DEBUG org.hibernate.SQL [] - 
    create table intt_accr_tran (
        accrual_date date not null,
        amount numeric(20,2) not null,
        exchange_rate numeric(10,4),
        fcy_amt numeric(20,2),
        interest_rate numeric(10,4) not null,
        lcy_amt numeric(20,2),
        tran_ccy varchar(3),
        tran_date date,
        value_date date,
        account_no varchar(13) not null,
        accr_tran_id varchar(20) not null,
        gl_account_no varchar(20),
        udf1 varchar(50),
        narration varchar(100),
        dr_cr_flag varchar(255) check (dr_cr_flag in ('D','C')),
        status varchar(255) not null check (status in ('Pending','Posted','Verified')),
        tran_status varchar(255) check (tran_status in ('Entry','Posted','Verified')),
        primary key (accr_tran_id)
    )
Hibernate: 
    create table intt_accr_tran (
        accrual_date date not null,
        amount numeric(20,2) not null,
        exchange_rate numeric(10,4),
        fcy_amt numeric(20,2),
        interest_rate numeric(10,4) not null,
        lcy_amt numeric(20,2),
        tran_ccy varchar(3),
        tran_date date,
        value_date date,
        account_no varchar(13) not null,
        accr_tran_id varchar(20) not null,
        gl_account_no varchar(20),
        udf1 varchar(50),
        narration varchar(100),
        dr_cr_flag varchar(255) check (dr_cr_flag in ('D','C')),
        status varchar(255) not null check (status in ('Pending','Posted','Verified')),
        tran_status varchar(255) check (tran_status in ('Entry','Posted','Verified')),
        primary key (accr_tran_id)
    )
2025-10-30 10:07:15 [main] DEBUG org.hibernate.SQL [] - 
    create table of_acct_master (
        date_closure date,
        date_opening date not null,
        reconciliation_required boolean not null,
        sub_product_id integer not null,
        branch_code varchar(10) not null,
        account_no varchar(13) not null,
        gl_num varchar(20) not null,
        acct_name varchar(100) not null,
        account_status varchar(255) not null check (account_status in ('Active','Inactive','Closed')),
        primary key (account_no)
    )
Hibernate: 
    create table of_acct_master (
        date_closure date,
        date_opening date not null,
        reconciliation_required boolean not null,
        sub_product_id integer not null,
        branch_code varchar(10) not null,
        account_no varchar(13) not null,
        gl_num varchar(20) not null,
        acct_name varchar(100) not null,
        account_status varchar(255) not null check (account_status in ('Active','Inactive','Closed')),
        primary key (account_no)
    )
2025-10-30 10:07:15 [main] DEBUG org.hibernate.SQL [] - 
    create table parameter_table (
        parameter_id integer generated by default as identity,
        last_updated timestamp(6) not null,
        updated_by varchar(20) not null,
        parameter_name varchar(50) not null unique,
        parameter_value varchar(100) not null,
        parameter_description varchar(200),
        primary key (parameter_id)
    )
Hibernate: 
    create table parameter_table (
        parameter_id integer generated by default as identity,
        last_updated timestamp(6) not null,
        updated_by varchar(20) not null,
        parameter_name varchar(50) not null unique,
        parameter_value varchar(100) not null,
        parameter_description varchar(200),
        primary key (parameter_id)
    )
2025-10-30 10:07:15 [main] DEBUG org.hibernate.SQL [] - 
    create table prod_master (
        currency varchar(3),
        customer_product_flag boolean,
        entry_date date not null,
        entry_time time(6) not null,
        interest_bearing_flag boolean,
        product_id integer generated by default as identity,
        verification_date date,
        verification_time time(6),
        deal_or_running varchar(10),
        product_code varchar(10) not null unique,
        cum_gl_num varchar(20) not null,
        maker_id varchar(20) not null,
        verifier_id varchar(20),
        product_name varchar(50) not null,
        primary key (product_id)
    )
Hibernate: 
    create table prod_master (
        currency varchar(3),
        customer_product_flag boolean,
        entry_date date not null,
        entry_time time(6) not null,
        interest_bearing_flag boolean,
        product_id integer generated by default as identity,
        verification_date date,
        verification_time time(6),
        deal_or_running varchar(10),
        product_code varchar(10) not null unique,
        cum_gl_num varchar(20) not null,
        maker_id varchar(20) not null,
        verifier_id varchar(20),
        product_name varchar(50) not null,
        primary key (product_id)
    )
2025-10-30 10:07:15 [main] DEBUG org.hibernate.SQL [] - 
    create table sub_prod_master (
        effective_interest_rate numeric(10,4),
        entry_date date not null,
        entry_time time(6) not null,
        interest_increment numeric(10,4),
        product_id integer not null,
        sub_product_id integer generated by default as identity,
        verification_date date,
        verification_time time(6),
        cum_gl_num varchar(10) not null,
        ext_gl_num varchar(10),
        sub_product_code varchar(10) not null unique,
        interest_income_expenditure_gl_num varchar(20),
        interest_receivable_payable_gl_num varchar(20),
        intt_code varchar(20),
        maker_id varchar(20) not null,
        verifier_id varchar(20),
        sub_product_name varchar(50) not null,
        sub_product_status varchar(255) not null check (sub_product_status in ('Active','Inactive','Deactive')),
        primary key (sub_product_id)
    )
Hibernate: 
    create table sub_prod_master (
        effective_interest_rate numeric(10,4),
        entry_date date not null,
        entry_time time(6) not null,
        interest_increment numeric(10,4),
        product_id integer not null,
        sub_product_id integer generated by default as identity,
        verification_date date,
        verification_time time(6),
        cum_gl_num varchar(10) not null,
        ext_gl_num varchar(10),
        sub_product_code varchar(10) not null unique,
        interest_income_expenditure_gl_num varchar(20),
        interest_receivable_payable_gl_num varchar(20),
        intt_code varchar(20),
        maker_id varchar(20) not null,
        verifier_id varchar(20),
        sub_product_name varchar(50) not null,
        sub_product_status varchar(255) not null check (sub_product_status in ('Active','Inactive','Deactive')),
        primary key (sub_product_id)
    )
2025-10-30 10:07:15 [main] DEBUG org.hibernate.SQL [] - 
    create table tran_table (
        credit_amount numeric(20,2),
        debit_amount numeric(20,2),
        exchange_rate numeric(10,4) not null,
        fcy_amt numeric(20,2) not null,
        lcy_amt numeric(20,2) not null,
        pointing_id integer,
        tran_ccy varchar(3) not null,
        tran_date date not null,
        value_date date not null,
        account_no varchar(20) not null,
        tran_id varchar(20) not null,
        udf1 varchar(50),
        narration varchar(100),
        dr_cr_flag varchar(255) not null check (dr_cr_flag in ('D','C')),
        tran_status varchar(255) not null check (tran_status in ('Entry','Posted','Verified')),
        primary key (tran_id)
    )
Hibernate: 
    create table tran_table (
        credit_amount numeric(20,2),
        debit_amount numeric(20,2),
        exchange_rate numeric(10,4) not null,
        fcy_amt numeric(20,2) not null,
        lcy_amt numeric(20,2) not null,
        pointing_id integer,
        tran_ccy varchar(3) not null,
        tran_date date not null,
        value_date date not null,
        account_no varchar(20) not null,
        tran_id varchar(20) not null,
        udf1 varchar(50),
        narration varchar(100),
        dr_cr_flag varchar(255) not null check (dr_cr_flag in ('D','C')),
        tran_status varchar(255) not null check (tran_status in ('Entry','Posted','Verified')),
        primary key (tran_id)
    )
2025-10-30 10:07:15 [main] DEBUG org.hibernate.SQL [] - 
    alter table if exists account_seq 
       add constraint FKvm338t4c9r5mjuihtfihtvt2 
       foreign key (gl_num) 
       references gl_setup
Hibernate: 
    alter table if exists account_seq 
       add constraint FKvm338t4c9r5mjuihtfihtvt2 
       foreign key (gl_num) 
       references gl_setup
2025-10-30 10:07:15 [main] DEBUG org.hibernate.SQL [] - 
    alter table if exists acct_bal_accrual 
       add constraint FKa1hj2s0ynapoa0cpcxtsc4cp3 
       foreign key (account_no) 
       references cust_acct_master
Hibernate: 
    alter table if exists acct_bal_accrual 
       add constraint FKa1hj2s0ynapoa0cpcxtsc4cp3 
       foreign key (account_no) 
       references cust_acct_master
2025-10-30 10:07:15 [main] DEBUG org.hibernate.SQL [] - 
    alter table if exists cust_acct_master 
       add constraint FKrhncccvlnjc8qeui6osucydh9 
       foreign key (cust_id) 
       references cust_master
Hibernate: 
    alter table if exists cust_acct_master 
       add constraint FKrhncccvlnjc8qeui6osucydh9 
       foreign key (cust_id) 
       references cust_master
2025-10-30 10:07:15 [main] DEBUG org.hibernate.SQL [] - 
    alter table if exists cust_acct_master 
       add constraint FKg6lsaaf8t62pajynapwp79i22 
       foreign key (sub_product_id) 
       references sub_prod_master
Hibernate: 
    alter table if exists cust_acct_master 
       add constraint FKg6lsaaf8t62pajynapwp79i22 
       foreign key (sub_product_id) 
       references sub_prod_master
2025-10-30 10:07:15 [main] DEBUG org.hibernate.SQL [] - 
    alter table if exists gl_balance 
       add constraint FKl9y0vv9b4gmunbg4pki35rtcv 
       foreign key (gl_num) 
       references gl_setup
Hibernate: 
    alter table if exists gl_balance 
       add constraint FKl9y0vv9b4gmunbg4pki35rtcv 
       foreign key (gl_num) 
       references gl_setup
2025-10-30 10:07:15 [main] DEBUG org.hibernate.SQL [] - 
    alter table if exists gl_movement 
       add constraint FKab4pthk39vka929la1dnx5hkp 
       foreign key (gl_num) 
       references gl_setup
Hibernate: 
    alter table if exists gl_movement 
       add constraint FKab4pthk39vka929la1dnx5hkp 
       foreign key (gl_num) 
       references gl_setup
2025-10-30 10:07:15 [main] DEBUG org.hibernate.SQL [] - 
    alter table if exists gl_movement 
       add constraint FKfjxt1e7ka35bl3c9qvd6xs2wv 
       foreign key (tran_id) 
       references tran_table
Hibernate: 
    alter table if exists gl_movement 
       add constraint FKfjxt1e7ka35bl3c9qvd6xs2wv 
       foreign key (tran_id) 
       references tran_table
2025-10-30 10:07:15 [main] DEBUG org.hibernate.SQL [] - 
    alter table if exists gl_movement_accrual 
       add constraint FKhs7lwoetl3uvvkhthqidfg111 
       foreign key (accr_tran_id) 
       references intt_accr_tran
Hibernate: 
    alter table if exists gl_movement_accrual 
       add constraint FKhs7lwoetl3uvvkhthqidfg111 
       foreign key (accr_tran_id) 
       references intt_accr_tran
2025-10-30 10:07:15 [main] DEBUG org.hibernate.SQL [] - 
    alter table if exists gl_movement_accrual 
       add constraint FKdpiq7utwa84kovm54finvpsg9 
       foreign key (gl_num) 
       references gl_setup
Hibernate: 
    alter table if exists gl_movement_accrual 
       add constraint FKdpiq7utwa84kovm54finvpsg9 
       foreign key (gl_num) 
       references gl_setup
2025-10-30 10:07:15 [main] DEBUG org.hibernate.SQL [] - 
    alter table if exists of_acct_master 
       add constraint FKn1k8lkf9vvmm2mnsty0agvdkd 
       foreign key (sub_product_id) 
       references sub_prod_master
Hibernate: 
    alter table if exists of_acct_master 
       add constraint FKn1k8lkf9vvmm2mnsty0agvdkd 
       foreign key (sub_product_id) 
       references sub_prod_master
2025-10-30 10:07:15 [main] DEBUG org.hibernate.SQL [] - 
    alter table if exists sub_prod_master 
       add constraint FKovwkwt3sfptrq94b1c16w1jbe 
       foreign key (product_id) 
       references prod_master
Hibernate: 
    alter table if exists sub_prod_master 
       add constraint FKovwkwt3sfptrq94b1c16w1jbe 
       foreign key (product_id) 
       references prod_master
2025-10-30 10:07:15 [main] INFO  o.s.o.j.LocalContainerEntityManagerFactoryBean [] - Initialized JPA EntityManagerFactory for persistence unit 'default'
2025-10-30 10:07:16 [main] INFO  c.e.m.r.GLMovementAccrualRepositoryNativeQueryTest [] - Started GLMovementAccrualRepositoryNativeQueryTest in 1.84 seconds (process running for 29.485)
2025-10-30 10:07:16 [main] DEBUG org.hibernate.SQL [] - 
    SELECT
        GL_Num,
        COALESCE(SUM(CASE 
            WHEN Dr_Cr_Flag = 'D' THEN Amount 
            ELSE 0 
        END), 0) AS totalDr,
        COALESCE(SUM(CASE 
            WHEN Dr_Cr_Flag = 'C' THEN Amount 
            ELSE 0 
        END), 0) AS totalCr 
    FROM
        GL_Movement_Accrual 
    WHERE
        GL_Num = ?   
        AND Accrual_Date BETWEEN ? AND ? 
    GROUP BY
        GL_Num 
Hibernate: 
    SELECT
        GL_Num,
        COALESCE(SUM(CASE 
            WHEN Dr_Cr_Flag = 'D' THEN Amount 
            ELSE 0 
        END), 0) AS totalDr,
        COALESCE(SUM(CASE 
            WHEN Dr_Cr_Flag = 'C' THEN Amount 
            ELSE 0 
        END), 0) AS totalCr 
    FROM
        GL_Movement_Accrual 
    WHERE
        GL_Num = ?   
        AND Accrual_Date BETWEEN ? AND ? 
    GROUP BY
        GL_Num 
]]></system-out>
  </testcase>
  <testcase name="testFindDrCrSummationNative_NoDuplicateRowError" classname="com.example.moneymarket.repository.GLMovementAccrualRepositoryNativeQueryTest" time="0.024">
    <system-out><![CDATA[2025-10-30 10:07:16 [main] DEBUG org.hibernate.SQL [] - 
    SELECT
        GL_Num,
        COALESCE(SUM(CASE 
            WHEN Dr_Cr_Flag = 'D' THEN Amount 
            ELSE 0 
        END), 0) AS totalDr,
        COALESCE(SUM(CASE 
            WHEN Dr_Cr_Flag = 'C' THEN Amount 
            ELSE 0 
        END), 0) AS totalCr 
    FROM
        GL_Movement_Accrual 
    WHERE
        GL_Num = ?   
        AND Accrual_Date BETWEEN ? AND ? 
    GROUP BY
        GL_Num 
Hibernate: 
    SELECT
        GL_Num,
        COALESCE(SUM(CASE 
            WHEN Dr_Cr_Flag = 'D' THEN Amount 
            ELSE 0 
        END), 0) AS totalDr,
        COALESCE(SUM(CASE 
            WHEN Dr_Cr_Flag = 'C' THEN Amount 
            ELSE 0 
        END), 0) AS totalCr 
    FROM
        GL_Movement_Accrual 
    WHERE
        GL_Num = ?   
        AND Accrual_Date BETWEEN ? AND ? 
    GROUP BY
        GL_Num 
]]></system-out>
  </testcase>
  <testcase name="testFindDrCrSummationNative_NoData" classname="com.example.moneymarket.repository.GLMovementAccrualRepositoryNativeQueryTest" time="0.007">
    <system-out><![CDATA[2025-10-30 10:07:16 [main] DEBUG org.hibernate.SQL [] - 
    SELECT
        GL_Num,
        COALESCE(SUM(CASE 
            WHEN Dr_Cr_Flag = 'D' THEN Amount 
            ELSE 0 
        END), 0) AS totalDr,
        COALESCE(SUM(CASE 
            WHEN Dr_Cr_Flag = 'C' THEN Amount 
            ELSE 0 
        END), 0) AS totalCr 
    FROM
        GL_Movement_Accrual 
    WHERE
        GL_Num = ?   
        AND Accrual_Date BETWEEN ? AND ? 
    GROUP BY
        GL_Num 
Hibernate: 
    SELECT
        GL_Num,
        COALESCE(SUM(CASE 
            WHEN Dr_Cr_Flag = 'D' THEN Amount 
            ELSE 0 
        END), 0) AS totalDr,
        COALESCE(SUM(CASE 
            WHEN Dr_Cr_Flag = 'C' THEN Amount 
            ELSE 0 
        END), 0) AS totalCr 
    FROM
        GL_Movement_Accrual 
    WHERE
        GL_Num = ?   
        AND Accrual_Date BETWEEN ? AND ? 
    GROUP BY
        GL_Num 
]]></system-out>
  </testcase>
</testsuite>