<?xml version="1.0" encoding="UTF-8"?>
<testsuite xmlns:xsi="http://www.w3.org/2001/XMLSchema-instance" xsi:noNamespaceSchemaLocation="https://maven.apache.org/surefire/maven-surefire-plugin/xsd/surefire-test-report-3.0.xsd" version="3.0" name="com.example.moneymarket.integration.EODIntegrationTest" time="10.085" tests="3" errors="0" skipped="0" failures="0">
  <properties>
[...]
</properties>
  <testcase name="testEODProcessWithDebitCreditMismatch" classname="com.example.moneymarket.integration.EODIntegrationTest" time="0.316">
    <system-out><![CDATA[2025-10-30 10:07:04 [main] INFO  o.s.t.c.s.AnnotationConfigContextLoaderUtils [] - Could not detect default configuration classes for test class [com.example.moneymarket.integration.EODIntegrationTest]: EODIntegrationTest does not declare any static, non-private, non-final, nested classes annotated with @Configuration.
2025-10-30 10:07:04 [main] INFO  o.s.b.t.c.SpringBootTestContextBootstrapper [] - Found @SpringBootConfiguration com.example.moneymarket.MoneyMarketApplication for test class com.example.moneymarket.integration.EODIntegrationTest

  .   ____          _            __ _ _
 /\\ / ___'_ __ _ _(_)_ __  __ _ \ \ \ \
( ( )\___ | '_ | '_| | '_ \/ _` | \ \ \ \
 \\/  ___)| |_)| | | | | || (_| |  ) ) ) )
  '  |____| .__|_| |_|_| |_\__, | / / / /
 =========|_|==============|___/=/_/_/_/
 :: Spring Boot ::                (v3.1.5)

2025-10-30 10:07:04 [main] INFO  c.e.m.integration.EODIntegrationTest [] - Starting EODIntegrationTest using Java 21.0.7 with PID 11912 (started by aemon in G:\Backup-Source Code\Money Market PTTP-reback\moneymarket)
2025-10-30 10:07:04 [main] DEBUG c.e.m.integration.EODIntegrationTest [] - Running with Spring Boot v3.1.5, Spring v6.0.13
2025-10-30 10:07:04 [main] INFO  c.e.m.integration.EODIntegrationTest [] - The following 1 profile is active: "test"
2025-10-30 10:07:06 [main] INFO  o.s.d.r.c.RepositoryConfigurationDelegate [] - Bootstrapping Spring Data JPA repositories in DEFAULT mode.
2025-10-30 10:07:06 [main] INFO  o.s.d.r.c.RepositoryConfigurationDelegate [] - Finished Spring Data repository scanning in 120 ms. Found 17 JPA repository interfaces.
2025-10-30 10:07:07 [main] INFO  o.h.jpa.internal.util.LogHelper [] - HHH000204: Processing PersistenceUnitInfo [name: default]
2025-10-30 10:07:07 [main] INFO  org.hibernate.Version [] - HHH000412: Hibernate ORM core version 6.2.13.Final
2025-10-30 10:07:07 [main] INFO  org.hibernate.cfg.Environment [] - HHH000406: Using bytecode reflection optimizer
2025-10-30 10:07:07 [main] INFO  o.s.o.j.p.SpringPersistenceUnitInfo [] - No LoadTimeWeaver setup: ignoring JPA class transformer
2025-10-30 10:07:07 [main] INFO  com.zaxxer.hikari.HikariDataSource [] - HikariPool-1 - Starting...
2025-10-30 10:07:07 [main] INFO  com.zaxxer.hikari.pool.HikariPool [] - HikariPool-1 - Added connection conn0: url=jdbc:h2:mem:testdb user=SA
2025-10-30 10:07:07 [main] INFO  com.zaxxer.hikari.HikariDataSource [] - HikariPool-1 - Start completed.
2025-10-30 10:07:07 [main] WARN  org.hibernate.orm.deprecation [] - HHH90000025: H2Dialect does not need to be specified explicitly using 'hibernate.dialect' (remove the property setting and it will be selected by default)
2025-10-30 10:07:09 [main] INFO  o.h.e.t.j.p.i.JtaPlatformInitiator [] - HHH000489: No JTA platform available (set 'hibernate.transaction.jta.platform' to enable JTA platform integration)
2025-10-30 10:07:09 [main] DEBUG org.hibernate.SQL [] - 
    drop table if exists account_seq cascade 
Hibernate: 
    drop table if exists account_seq cascade 
2025-10-30 10:07:09 [main] DEBUG org.hibernate.SQL [] - 
    drop table if exists acct_bal cascade 
Hibernate: 
    drop table if exists acct_bal cascade 
2025-10-30 10:07:09 [main] DEBUG org.hibernate.SQL [] - 
    drop table if exists acct_bal_accrual cascade 
Hibernate: 
    drop table if exists acct_bal_accrual cascade 
2025-10-30 10:07:09 [main] DEBUG org.hibernate.SQL [] - 
    drop table if exists cust_acct_master cascade 
Hibernate: 
    drop table if exists cust_acct_master cascade 
2025-10-30 10:07:09 [main] DEBUG org.hibernate.SQL [] - 
    drop table if exists cust_master cascade 
Hibernate: 
    drop table if exists cust_master cascade 
2025-10-30 10:07:09 [main] DEBUG org.hibernate.SQL [] - 
    drop table if exists eod_log_table cascade 
Hibernate: 
    drop table if exists eod_log_table cascade 
2025-10-30 10:07:09 [main] DEBUG org.hibernate.SQL [] - 
    drop table if exists gl_balance cascade 
Hibernate: 
    drop table if exists gl_balance cascade 
2025-10-30 10:07:09 [main] DEBUG org.hibernate.SQL [] - 
    drop table if exists gl_movement cascade 
Hibernate: 
    drop table if exists gl_movement cascade 
2025-10-30 10:07:09 [main] DEBUG org.hibernate.SQL [] - 
    drop table if exists gl_movement_accrual cascade 
Hibernate: 
    drop table if exists gl_movement_accrual cascade 
2025-10-30 10:07:09 [main] DEBUG org.hibernate.SQL [] - 
    drop table if exists gl_setup cascade 
Hibernate: 
    drop table if exists gl_setup cascade 
2025-10-30 10:07:09 [main] DEBUG org.hibernate.SQL [] - 
    drop table if exists interest_rate_master cascade 
Hibernate: 
    drop table if exists interest_rate_master cascade 
2025-10-30 10:07:09 [main] DEBUG org.hibernate.SQL [] - 
    drop table if exists intt_accr_tran cascade 
Hibernate: 
    drop table if exists intt_accr_tran cascade 
2025-10-30 10:07:09 [main] DEBUG org.hibernate.SQL [] - 
    drop table if exists of_acct_master cascade 
Hibernate: 
    drop table if exists of_acct_master cascade 
2025-10-30 10:07:09 [main] DEBUG org.hibernate.SQL [] - 
    drop table if exists parameter_table cascade 
Hibernate: 
    drop table if exists parameter_table cascade 
2025-10-30 10:07:09 [main] DEBUG org.hibernate.SQL [] - 
    drop table if exists prod_master cascade 
Hibernate: 
    drop table if exists prod_master cascade 
2025-10-30 10:07:09 [main] DEBUG org.hibernate.SQL [] - 
    drop table if exists sub_prod_master cascade 
Hibernate: 
    drop table if exists sub_prod_master cascade 
2025-10-30 10:07:09 [main] DEBUG org.hibernate.SQL [] - 
    drop table if exists tran_table cascade 
Hibernate: 
    drop table if exists tran_table cascade 
2025-10-30 10:07:09 [main] DEBUG org.hibernate.SQL [] - 
    create table account_seq (
        seq_number integer not null,
        last_updated timestamp(6) not null,
        gl_num varchar(9) not null,
        primary key (gl_num)
    )
Hibernate: 
    create table account_seq (
        seq_number integer not null,
        last_updated timestamp(6) not null,
        gl_num varchar(9) not null,
        primary key (gl_num)
    )
2025-10-30 10:07:09 [main] DEBUG org.hibernate.SQL [] - 
    create table acct_bal (
        available_balance numeric(20,2) not null,
        closing_bal numeric(20,2),
        cr_summation numeric(20,2),
        current_balance numeric(20,2) not null,
        dr_summation numeric(20,2),
        opening_bal numeric(20,2),
        tran_date date not null,
        last_updated timestamp(6) not null,
        account_no varchar(13) not null,
        primary key (tran_date, account_no)
    )
Hibernate: 
    create table acct_bal (
        available_balance numeric(20,2) not null,
        closing_bal numeric(20,2),
        cr_summation numeric(20,2),
        current_balance numeric(20,2) not null,
        dr_summation numeric(20,2),
        opening_bal numeric(20,2),
        tran_date date not null,
        last_updated timestamp(6) not null,
        account_no varchar(13) not null,
        primary key (tran_date, account_no)
    )
2025-10-30 10:07:09 [main] DEBUG org.hibernate.SQL [] - 
    create table acct_bal_accrual (
        accrual_date date not null,
        closing_bal numeric(20,2),
        cr_summation numeric(20,2),
        dr_summation numeric(20,2),
        interest_amount numeric(20,2) not null,
        opening_bal numeric(20,2),
        tran_date date,
        accr_bal_id bigint generated by default as identity,
        gl_num varchar(9),
        account_no varchar(13) not null,
        primary key (accr_bal_id)
    )
Hibernate: 
    create table acct_bal_accrual (
        accrual_date date not null,
        closing_bal numeric(20,2),
        cr_summation numeric(20,2),
        dr_summation numeric(20,2),
        interest_amount numeric(20,2) not null,
        opening_bal numeric(20,2),
        tran_date date,
        accr_bal_id bigint generated by default as identity,
        gl_num varchar(9),
        account_no varchar(13) not null,
        primary key (accr_bal_id)
    )
2025-10-30 10:07:09 [main] DEBUG org.hibernate.SQL [] - 
    create table cust_acct_master (
        cust_id integer not null,
        date_closure date,
        date_maturity date,
        date_opening date not null,
        loan_limit numeric(18,2),
        sub_product_id integer not null,
        tenor integer,
        branch_code varchar(10) not null,
        account_no varchar(13) not null,
        gl_num varchar(20) not null,
        acct_name varchar(100) not null,
        cust_name varchar(100),
        account_status varchar(255) not null check (account_status in ('Active','Inactive','Closed','Dormant')),
        primary key (account_no)
    )
Hibernate: 
    create table cust_acct_master (
        cust_id integer not null,
        date_closure date,
        date_maturity date,
        date_opening date not null,
        loan_limit numeric(18,2),
        sub_product_id integer not null,
        tenor integer,
        branch_code varchar(10) not null,
        account_no varchar(13) not null,
        gl_num varchar(20) not null,
        acct_name varchar(100) not null,
        cust_name varchar(100),
        account_status varchar(255) not null check (account_status in ('Active','Inactive','Closed','Dormant')),
        primary key (account_no)
    )
2025-10-30 10:07:09 [main] DEBUG org.hibernate.SQL [] - 
    create table cust_master (
        cust_id integer not null,
        entry_date date not null,
        entry_time time(6) not null,
        verification_date date,
        verification_time time(6),
        branch_code varchar(10),
        mobile varchar(15),
        ext_cust_id varchar(20) not null,
        maker_id varchar(20) not null,
        verifier_id varchar(20),
        first_name varchar(50),
        last_name varchar(50),
        trade_name varchar(100),
        address_1 varchar(200),
        cust_type varchar(255) not null check (cust_type in ('Individual','Corporate','Bank')),
        primary key (cust_id)
    )
Hibernate: 
    create table cust_master (
        cust_id integer not null,
        entry_date date not null,
        entry_time time(6) not null,
        verification_date date,
        verification_time time(6),
        branch_code varchar(10),
        mobile varchar(15),
        ext_cust_id varchar(20) not null,
        maker_id varchar(20) not null,
        verifier_id varchar(20),
        first_name varchar(50),
        last_name varchar(50),
        trade_name varchar(100),
        address_1 varchar(200),
        cust_type varchar(255) not null check (cust_type in ('Individual','Corporate','Bank')),
        primary key (cust_id)
    )
2025-10-30 10:07:09 [main] DEBUG org.hibernate.SQL [] - 
    create table eod_log_table (
        eod_date date not null,
        records_processed integer,
        system_date date not null,
        created_timestamp timestamp(6) not null,
        end_timestamp timestamp(6),
        eod_log_id bigint generated by default as identity,
        start_timestamp timestamp(6) not null,
        user_id varchar(20) not null,
        job_name varchar(50) not null,
        failed_at_step varchar(500),
        error_message TEXT,
        status varchar(255) not null check (status in ('Running','Success','Failed')),
        primary key (eod_log_id)
    )
Hibernate: 
    create table eod_log_table (
        eod_date date not null,
        records_processed integer,
        system_date date not null,
        created_timestamp timestamp(6) not null,
        end_timestamp timestamp(6),
        eod_log_id bigint generated by default as identity,
        start_timestamp timestamp(6) not null,
        user_id varchar(20) not null,
        job_name varchar(50) not null,
        failed_at_step varchar(500),
        error_message TEXT,
        status varchar(255) not null check (status in ('Running','Success','Failed')),
        primary key (eod_log_id)
    )
2025-10-30 10:07:09 [main] DEBUG org.hibernate.SQL [] - 
    create table gl_balance (
        closing_bal numeric(20,2),
        cr_summation numeric(20,2),
        current_balance numeric(20,2) not null,
        dr_summation numeric(20,2),
        opening_bal numeric(20,2),
        tran_date date not null,
        id bigint generated by default as identity,
        last_updated timestamp(6) not null,
        gl_num varchar(9) not null,
        primary key (id),
        constraint uq_gl_balance_gl_num_tran_date unique (gl_num, tran_date)
    )
Hibernate: 
    create table gl_balance (
        closing_bal numeric(20,2),
        cr_summation numeric(20,2),
        current_balance numeric(20,2) not null,
        dr_summation numeric(20,2),
        opening_bal numeric(20,2),
        tran_date date not null,
        id bigint generated by default as identity,
        last_updated timestamp(6) not null,
        gl_num varchar(9) not null,
        primary key (id),
        constraint uq_gl_balance_gl_num_tran_date unique (gl_num, tran_date)
    )
2025-10-30 10:07:09 [main] DEBUG org.hibernate.SQL [] - 
    create table gl_movement (
        amount numeric(20,2) not null,
        balance_after numeric(20,2) not null,
        fcy_amt numeric(20,2),
        lcy_amt numeric(20,2),
        tran_ccy varchar(3),
        tran_date date not null,
        value_date date not null,
        movement_id bigint generated by default as identity,
        gl_num varchar(9) not null,
        tran_id varchar(20) not null,
        narration varchar(100),
        dr_cr_flag varchar(255) not null check (dr_cr_flag in ('D','C')),
        primary key (movement_id)
    )
Hibernate: 
    create table gl_movement (
        amount numeric(20,2) not null,
        balance_after numeric(20,2) not null,
        fcy_amt numeric(20,2),
        lcy_amt numeric(20,2),
        tran_ccy varchar(3),
        tran_date date not null,
        value_date date not null,
        movement_id bigint generated by default as identity,
        gl_num varchar(9) not null,
        tran_id varchar(20) not null,
        narration varchar(100),
        dr_cr_flag varchar(255) not null check (dr_cr_flag in ('D','C')),
        primary key (movement_id)
    )
2025-10-30 10:07:09 [main] DEBUG org.hibernate.SQL [] - 
    create table gl_movement_accrual (
        accrual_date date not null,
        amount numeric(20,2) not null,
        exchange_rate numeric(10,4),
        fcy_amt numeric(20,2),
        lcy_amt numeric(20,2),
        tran_ccy varchar(3),
        tran_date date,
        movement_id bigint generated by default as identity,
        gl_num varchar(9) not null,
        accr_tran_id varchar(20) not null,
        tran_id varchar(20),
        narration varchar(100),
        dr_cr_flag varchar(255) not null check (dr_cr_flag in ('D','C')),
        status varchar(255) not null check (status in ('Pending','Posted','Verified')),
        primary key (movement_id)
    )
Hibernate: 
    create table gl_movement_accrual (
        accrual_date date not null,
        amount numeric(20,2) not null,
        exchange_rate numeric(10,4),
        fcy_amt numeric(20,2),
        lcy_amt numeric(20,2),
        tran_ccy varchar(3),
        tran_date date,
        movement_id bigint generated by default as identity,
        gl_num varchar(9) not null,
        accr_tran_id varchar(20) not null,
        tran_id varchar(20),
        narration varchar(100),
        dr_cr_flag varchar(255) not null check (dr_cr_flag in ('D','C')),
        status varchar(255) not null check (status in ('Pending','Posted','Verified')),
        primary key (movement_id)
    )
2025-10-30 10:07:09 [main] DEBUG org.hibernate.SQL [] - 
    create table gl_setup (
        layer_id integer,
        gl_num varchar(9) not null,
        layer_gl_num varchar(9),
        parent_gl_num varchar(9),
        gl_name varchar(50),
        primary key (gl_num)
    )
Hibernate: 
    create table gl_setup (
        layer_id integer,
        gl_num varchar(9) not null,
        layer_gl_num varchar(9),
        parent_gl_num varchar(9),
        gl_name varchar(50),
        primary key (gl_num)
    )
2025-10-30 10:07:09 [main] DEBUG org.hibernate.SQL [] - 
    create table interest_rate_master (
        intt_effctv_date date not null,
        intt_rate numeric(5,2) not null,
        intt_code varchar(20) not null,
        primary key (intt_code)
    )
Hibernate: 
    create table interest_rate_master (
        intt_effctv_date date not null,
        intt_rate numeric(5,2) not null,
        intt_code varchar(20) not null,
        primary key (intt_code)
    )
2025-10-30 10:07:09 [main] DEBUG org.hibernate.SQL [] - 
    create table intt_accr_tran (
        accrual_date date not null,
        amount numeric(20,2) not null,
        exchange_rate numeric(10,4),
        fcy_amt numeric(20,2),
        interest_rate numeric(10,4) not null,
        lcy_amt numeric(20,2),
        tran_ccy varchar(3),
        tran_date date,
        value_date date,
        account_no varchar(13) not null,
        accr_tran_id varchar(20) not null,
        gl_account_no varchar(20),
        udf1 varchar(50),
        narration varchar(100),
        dr_cr_flag varchar(255) check (dr_cr_flag in ('D','C')),
        status varchar(255) not null check (status in ('Pending','Posted','Verified')),
        tran_status varchar(255) check (tran_status in ('Entry','Posted','Verified')),
        primary key (accr_tran_id)
    )
Hibernate: 
    create table intt_accr_tran (
        accrual_date date not null,
        amount numeric(20,2) not null,
        exchange_rate numeric(10,4),
        fcy_amt numeric(20,2),
        interest_rate numeric(10,4) not null,
        lcy_amt numeric(20,2),
        tran_ccy varchar(3),
        tran_date date,
        value_date date,
        account_no varchar(13) not null,
        accr_tran_id varchar(20) not null,
        gl_account_no varchar(20),
        udf1 varchar(50),
        narration varchar(100),
        dr_cr_flag varchar(255) check (dr_cr_flag in ('D','C')),
        status varchar(255) not null check (status in ('Pending','Posted','Verified')),
        tran_status varchar(255) check (tran_status in ('Entry','Posted','Verified')),
        primary key (accr_tran_id)
    )
2025-10-30 10:07:09 [main] DEBUG org.hibernate.SQL [] - 
    create table of_acct_master (
        date_closure date,
        date_opening date not null,
        reconciliation_required boolean not null,
        sub_product_id integer not null,
        branch_code varchar(10) not null,
        account_no varchar(13) not null,
        gl_num varchar(20) not null,
        acct_name varchar(100) not null,
        account_status varchar(255) not null check (account_status in ('Active','Inactive','Closed')),
        primary key (account_no)
    )
Hibernate: 
    create table of_acct_master (
        date_closure date,
        date_opening date not null,
        reconciliation_required boolean not null,
        sub_product_id integer not null,
        branch_code varchar(10) not null,
        account_no varchar(13) not null,
        gl_num varchar(20) not null,
        acct_name varchar(100) not null,
        account_status varchar(255) not null check (account_status in ('Active','Inactive','Closed')),
        primary key (account_no)
    )
2025-10-30 10:07:09 [main] DEBUG org.hibernate.SQL [] - 
    create table parameter_table (
        parameter_id integer generated by default as identity,
        last_updated timestamp(6) not null,
        updated_by varchar(20) not null,
        parameter_name varchar(50) not null unique,
        parameter_value varchar(100) not null,
        parameter_description varchar(200),
        primary key (parameter_id)
    )
Hibernate: 
    create table parameter_table (
        parameter_id integer generated by default as identity,
        last_updated timestamp(6) not null,
        updated_by varchar(20) not null,
        parameter_name varchar(50) not null unique,
        parameter_value varchar(100) not null,
        parameter_description varchar(200),
        primary key (parameter_id)
    )
2025-10-30 10:07:09 [main] DEBUG org.hibernate.SQL [] - 
    create table prod_master (
        currency varchar(3),
        customer_product_flag boolean,
        entry_date date not null,
        entry_time time(6) not null,
        interest_bearing_flag boolean,
        product_id integer generated by default as identity,
        verification_date date,
        verification_time time(6),
        deal_or_running varchar(10),
        product_code varchar(10) not null unique,
        cum_gl_num varchar(20) not null,
        maker_id varchar(20) not null,
        verifier_id varchar(20),
        product_name varchar(50) not null,
        primary key (product_id)
    )
Hibernate: 
    create table prod_master (
        currency varchar(3),
        customer_product_flag boolean,
        entry_date date not null,
        entry_time time(6) not null,
        interest_bearing_flag boolean,
        product_id integer generated by default as identity,
        verification_date date,
        verification_time time(6),
        deal_or_running varchar(10),
        product_code varchar(10) not null unique,
        cum_gl_num varchar(20) not null,
        maker_id varchar(20) not null,
        verifier_id varchar(20),
        product_name varchar(50) not null,
        primary key (product_id)
    )
2025-10-30 10:07:09 [main] DEBUG org.hibernate.SQL [] - 
    create table sub_prod_master (
        effective_interest_rate numeric(10,4),
        entry_date date not null,
        entry_time time(6) not null,
        interest_increment numeric(10,4),
        product_id integer not null,
        sub_product_id integer generated by default as identity,
        verification_date date,
        verification_time time(6),
        cum_gl_num varchar(10) not null,
        ext_gl_num varchar(10),
        sub_product_code varchar(10) not null unique,
        interest_income_expenditure_gl_num varchar(20),
        interest_receivable_payable_gl_num varchar(20),
        intt_code varchar(20),
        maker_id varchar(20) not null,
        verifier_id varchar(20),
        sub_product_name varchar(50) not null,
        sub_product_status varchar(255) not null check (sub_product_status in ('Active','Inactive','Deactive')),
        primary key (sub_product_id)
    )
Hibernate: 
    create table sub_prod_master (
        effective_interest_rate numeric(10,4),
        entry_date date not null,
        entry_time time(6) not null,
        interest_increment numeric(10,4),
        product_id integer not null,
        sub_product_id integer generated by default as identity,
        verification_date date,
        verification_time time(6),
        cum_gl_num varchar(10) not null,
        ext_gl_num varchar(10),
        sub_product_code varchar(10) not null unique,
        interest_income_expenditure_gl_num varchar(20),
        interest_receivable_payable_gl_num varchar(20),
        intt_code varchar(20),
        maker_id varchar(20) not null,
        verifier_id varchar(20),
        sub_product_name varchar(50) not null,
        sub_product_status varchar(255) not null check (sub_product_status in ('Active','Inactive','Deactive')),
        primary key (sub_product_id)
    )
2025-10-30 10:07:09 [main] DEBUG org.hibernate.SQL [] - 
    create table tran_table (
        credit_amount numeric(20,2),
        debit_amount numeric(20,2),
        exchange_rate numeric(10,4) not null,
        fcy_amt numeric(20,2) not null,
        lcy_amt numeric(20,2) not null,
        pointing_id integer,
        tran_ccy varchar(3) not null,
        tran_date date not null,
        value_date date not null,
        account_no varchar(20) not null,
        tran_id varchar(20) not null,
        udf1 varchar(50),
        narration varchar(100),
        dr_cr_flag varchar(255) not null check (dr_cr_flag in ('D','C')),
        tran_status varchar(255) not null check (tran_status in ('Entry','Posted','Verified')),
        primary key (tran_id)
    )
Hibernate: 
    create table tran_table (
        credit_amount numeric(20,2),
        debit_amount numeric(20,2),
        exchange_rate numeric(10,4) not null,
        fcy_amt numeric(20,2) not null,
        lcy_amt numeric(20,2) not null,
        pointing_id integer,
        tran_ccy varchar(3) not null,
        tran_date date not null,
        value_date date not null,
        account_no varchar(20) not null,
        tran_id varchar(20) not null,
        udf1 varchar(50),
        narration varchar(100),
        dr_cr_flag varchar(255) not null check (dr_cr_flag in ('D','C')),
        tran_status varchar(255) not null check (tran_status in ('Entry','Posted','Verified')),
        primary key (tran_id)
    )
2025-10-30 10:07:09 [main] DEBUG org.hibernate.SQL [] - 
    alter table if exists account_seq 
       add constraint FKvm338t4c9r5mjuihtfihtvt2 
       foreign key (gl_num) 
       references gl_setup
Hibernate: 
    alter table if exists account_seq 
       add constraint FKvm338t4c9r5mjuihtfihtvt2 
       foreign key (gl_num) 
       references gl_setup
2025-10-30 10:07:09 [main] DEBUG org.hibernate.SQL [] - 
    alter table if exists acct_bal_accrual 
       add constraint FKa1hj2s0ynapoa0cpcxtsc4cp3 
       foreign key (account_no) 
       references cust_acct_master
Hibernate: 
    alter table if exists acct_bal_accrual 
       add constraint FKa1hj2s0ynapoa0cpcxtsc4cp3 
       foreign key (account_no) 
       references cust_acct_master
2025-10-30 10:07:09 [main] DEBUG org.hibernate.SQL [] - 
    alter table if exists cust_acct_master 
       add constraint FKrhncccvlnjc8qeui6osucydh9 
       foreign key (cust_id) 
       references cust_master
Hibernate: 
    alter table if exists cust_acct_master 
       add constraint FKrhncccvlnjc8qeui6osucydh9 
       foreign key (cust_id) 
       references cust_master
2025-10-30 10:07:09 [main] DEBUG org.hibernate.SQL [] - 
    alter table if exists cust_acct_master 
       add constraint FKg6lsaaf8t62pajynapwp79i22 
       foreign key (sub_product_id) 
       references sub_prod_master
Hibernate: 
    alter table if exists cust_acct_master 
       add constraint FKg6lsaaf8t62pajynapwp79i22 
       foreign key (sub_product_id) 
       references sub_prod_master
2025-10-30 10:07:09 [main] DEBUG org.hibernate.SQL [] - 
    alter table if exists gl_balance 
       add constraint FKl9y0vv9b4gmunbg4pki35rtcv 
       foreign key (gl_num) 
       references gl_setup
Hibernate: 
    alter table if exists gl_balance 
       add constraint FKl9y0vv9b4gmunbg4pki35rtcv 
       foreign key (gl_num) 
       references gl_setup
2025-10-30 10:07:09 [main] DEBUG org.hibernate.SQL [] - 
    alter table if exists gl_movement 
       add constraint FKab4pthk39vka929la1dnx5hkp 
       foreign key (gl_num) 
       references gl_setup
Hibernate: 
    alter table if exists gl_movement 
       add constraint FKab4pthk39vka929la1dnx5hkp 
       foreign key (gl_num) 
       references gl_setup
2025-10-30 10:07:09 [main] DEBUG org.hibernate.SQL [] - 
    alter table if exists gl_movement 
       add constraint FKfjxt1e7ka35bl3c9qvd6xs2wv 
       foreign key (tran_id) 
       references tran_table
Hibernate: 
    alter table if exists gl_movement 
       add constraint FKfjxt1e7ka35bl3c9qvd6xs2wv 
       foreign key (tran_id) 
       references tran_table
2025-10-30 10:07:09 [main] DEBUG org.hibernate.SQL [] - 
    alter table if exists gl_movement_accrual 
       add constraint FKhs7lwoetl3uvvkhthqidfg111 
       foreign key (accr_tran_id) 
       references intt_accr_tran
Hibernate: 
    alter table if exists gl_movement_accrual 
       add constraint FKhs7lwoetl3uvvkhthqidfg111 
       foreign key (accr_tran_id) 
       references intt_accr_tran
2025-10-30 10:07:09 [main] DEBUG org.hibernate.SQL [] - 
    alter table if exists gl_movement_accrual 
       add constraint FKdpiq7utwa84kovm54finvpsg9 
       foreign key (gl_num) 
       references gl_setup
Hibernate: 
    alter table if exists gl_movement_accrual 
       add constraint FKdpiq7utwa84kovm54finvpsg9 
       foreign key (gl_num) 
       references gl_setup
2025-10-30 10:07:09 [main] DEBUG org.hibernate.SQL [] - 
    alter table if exists of_acct_master 
       add constraint FKn1k8lkf9vvmm2mnsty0agvdkd 
       foreign key (sub_product_id) 
       references sub_prod_master
Hibernate: 
    alter table if exists of_acct_master 
       add constraint FKn1k8lkf9vvmm2mnsty0agvdkd 
       foreign key (sub_product_id) 
       references sub_prod_master
2025-10-30 10:07:09 [main] DEBUG org.hibernate.SQL [] - 
    alter table if exists sub_prod_master 
       add constraint FKovwkwt3sfptrq94b1c16w1jbe 
       foreign key (product_id) 
       references prod_master
Hibernate: 
    alter table if exists sub_prod_master 
       add constraint FKovwkwt3sfptrq94b1c16w1jbe 
       foreign key (product_id) 
       references prod_master
2025-10-30 10:07:09 [main] INFO  o.s.o.j.LocalContainerEntityManagerFactoryBean [] - Initialized JPA EntityManagerFactory for persistence unit 'default'
2025-10-30 10:07:09 [main] INFO  o.s.d.j.r.query.QueryEnhancerFactory [] - Hibernate is in classpath; If applicable, HQL parser will be used.
2025-10-30 10:07:12 [main] WARN  o.s.b.a.o.j.JpaBaseConfiguration$JpaWebConfiguration [] - spring.jpa.open-in-view is enabled by default. Therefore, database queries may be performed during view rendering. Explicitly configure spring.jpa.open-in-view to disable this warning
2025-10-30 10:07:13 [main] INFO  o.s.b.a.e.web.EndpointLinksResolver [] - Exposing 3 endpoint(s) beneath base path '/actuator'
2025-10-30 10:07:13 [main] INFO  c.e.m.integration.EODIntegrationTest [] - Started EODIntegrationTest in 8.418 seconds (process running for 26.024)
2025-10-30 10:07:13 [main] DEBUG org.hibernate.SQL [] - 
    insert 
    into
        parameter_table
        (last_updated,parameter_description,parameter_name,parameter_value,updated_by,parameter_id) 
    values
        (?,?,?,?,?,default)
Hibernate: 
    insert 
    into
        parameter_table
        (last_updated,parameter_description,parameter_name,parameter_value,updated_by,parameter_id) 
    values
        (?,?,?,?,?,default)
2025-10-30 10:07:13 [main] DEBUG org.hibernate.SQL [] - 
    insert 
    into
        parameter_table
        (last_updated,parameter_description,parameter_name,parameter_value,updated_by,parameter_id) 
    values
        (?,?,?,?,?,default)
Hibernate: 
    insert 
    into
        parameter_table
        (last_updated,parameter_description,parameter_name,parameter_value,updated_by,parameter_id) 
    values
        (?,?,?,?,?,default)
2025-10-30 10:07:13 [main] DEBUG org.hibernate.SQL [] - 
    select
        t1_0.tran_id,
        t1_0.account_no,
        t1_0.credit_amount,
        t1_0.debit_amount,
        t1_0.dr_cr_flag,
        t1_0.exchange_rate,
        t1_0.fcy_amt,
        t1_0.lcy_amt,
        t1_0.narration,
        t1_0.pointing_id,
        t1_0.tran_ccy,
        t1_0.tran_date,
        t1_0.tran_status,
        t1_0.udf1,
        t1_0.value_date,
        g1_0.tran_id,
        g1_0.movement_id,
        g1_0.amount,
        g1_0.balance_after,
        g1_0.dr_cr_flag,
        g1_0.fcy_amt,
        g1_0.gl_num,
        g1_0.lcy_amt,
        g1_0.narration,
        g1_0.tran_ccy,
        g1_0.tran_date,
        g1_0.value_date 
    from
        tran_table t1_0 
    left join
        gl_movement g1_0 
            on t1_0.tran_id=g1_0.tran_id 
    where
        t1_0.tran_id=?
Hibernate: 
    select
        t1_0.tran_id,
        t1_0.account_no,
        t1_0.credit_amount,
        t1_0.debit_amount,
        t1_0.dr_cr_flag,
        t1_0.exchange_rate,
        t1_0.fcy_amt,
        t1_0.lcy_amt,
        t1_0.narration,
        t1_0.pointing_id,
        t1_0.tran_ccy,
        t1_0.tran_date,
        t1_0.tran_status,
        t1_0.udf1,
        t1_0.value_date,
        g1_0.tran_id,
        g1_0.movement_id,
        g1_0.amount,
        g1_0.balance_after,
        g1_0.dr_cr_flag,
        g1_0.fcy_amt,
        g1_0.gl_num,
        g1_0.lcy_amt,
        g1_0.narration,
        g1_0.tran_ccy,
        g1_0.tran_date,
        g1_0.value_date 
    from
        tran_table t1_0 
    left join
        gl_movement g1_0 
            on t1_0.tran_id=g1_0.tran_id 
    where
        t1_0.tran_id=?
2025-10-30 10:07:13 [main] DEBUG org.hibernate.SQL [] - 
    select
        t1_0.tran_id,
        t1_0.account_no,
        t1_0.credit_amount,
        t1_0.debit_amount,
        t1_0.dr_cr_flag,
        t1_0.exchange_rate,
        t1_0.fcy_amt,
        t1_0.lcy_amt,
        t1_0.narration,
        t1_0.pointing_id,
        t1_0.tran_ccy,
        t1_0.tran_date,
        t1_0.tran_status,
        t1_0.udf1,
        t1_0.value_date,
        g1_0.tran_id,
        g1_0.movement_id,
        g1_0.amount,
        g1_0.balance_after,
        g1_0.dr_cr_flag,
        g1_0.fcy_amt,
        g1_0.gl_num,
        g1_0.lcy_amt,
        g1_0.narration,
        g1_0.tran_ccy,
        g1_0.tran_date,
        g1_0.value_date 
    from
        tran_table t1_0 
    left join
        gl_movement g1_0 
            on t1_0.tran_id=g1_0.tran_id 
    where
        t1_0.tran_id=?
Hibernate: 
    select
        t1_0.tran_id,
        t1_0.account_no,
        t1_0.credit_amount,
        t1_0.debit_amount,
        t1_0.dr_cr_flag,
        t1_0.exchange_rate,
        t1_0.fcy_amt,
        t1_0.lcy_amt,
        t1_0.narration,
        t1_0.pointing_id,
        t1_0.tran_ccy,
        t1_0.tran_date,
        t1_0.tran_status,
        t1_0.udf1,
        t1_0.value_date,
        g1_0.tran_id,
        g1_0.movement_id,
        g1_0.amount,
        g1_0.balance_after,
        g1_0.dr_cr_flag,
        g1_0.fcy_amt,
        g1_0.gl_num,
        g1_0.lcy_amt,
        g1_0.narration,
        g1_0.tran_ccy,
        g1_0.tran_date,
        g1_0.value_date 
    from
        tran_table t1_0 
    left join
        gl_movement g1_0 
            on t1_0.tran_id=g1_0.tran_id 
    where
        t1_0.tran_id=?
2025-10-30 10:07:13 [main] INFO  c.e.m.s.EODOrchestrationService [] - === STARTING EOD PROCESS ===
2025-10-30 10:07:13 [main] INFO  c.e.m.s.EODOrchestrationService [] - EOD initiated by user: ADMIN
2025-10-30 10:07:13 [main] DEBUG org.hibernate.SQL [] - 
    select
        p1_0.parameter_value 
    from
        parameter_table p1_0 
    where
        p1_0.parameter_name='System_Date'
Hibernate: 
    select
        p1_0.parameter_value 
    from
        parameter_table p1_0 
    where
        p1_0.parameter_name='System_Date'
2025-10-30 10:07:13 [main] DEBUG c.e.m.service.SystemDateService [] - Retrieved System_Date from Parameter_Table: 2024-01-15
2025-10-30 10:07:13 [main] INFO  c.e.m.s.EODOrchestrationService [] - Starting pre-EOD validations for system date: 2024-01-15
2025-10-30 10:07:13 [main] INFO  c.e.m.service.EODValidationService [] - Starting pre-EOD validations for user: ADMIN, system date: 2024-01-15
2025-10-30 10:07:13 [main] INFO  c.e.m.service.EODValidationService [] - Validating EOD admin user: ADMIN
2025-10-30 10:07:13 [main] DEBUG org.hibernate.SQL [] - 
    select
        p1_0.parameter_value 
    from
        parameter_table p1_0 
    where
        p1_0.parameter_name='EOD_Admin_User'
Hibernate: 
    select
        p1_0.parameter_value 
    from
        parameter_table p1_0 
    where
        p1_0.parameter_name='EOD_Admin_User'
2025-10-30 10:07:13 [main] INFO  c.e.m.service.EODValidationService [] - EOD admin user validation passed
2025-10-30 10:07:13 [main] INFO  c.e.m.service.EODValidationService [] - Validating no transactions in 'Entry' status for system date: 2024-01-15
2025-10-30 10:07:13 [main] DEBUG org.hibernate.SQL [] - 
    insert 
    into
        tran_table
        (account_no,credit_amount,debit_amount,dr_cr_flag,exchange_rate,fcy_amt,lcy_amt,narration,pointing_id,tran_ccy,tran_date,tran_status,udf1,value_date,tran_id) 
    values
        (?,?,?,?,?,?,?,?,?,?,?,?,?,?,?)
Hibernate: 
    insert 
    into
        tran_table
        (account_no,credit_amount,debit_amount,dr_cr_flag,exchange_rate,fcy_amt,lcy_amt,narration,pointing_id,tran_ccy,tran_date,tran_status,udf1,value_date,tran_id) 
    values
        (?,?,?,?,?,?,?,?,?,?,?,?,?,?,?)
2025-10-30 10:07:13 [main] DEBUG org.hibernate.SQL [] - 
    insert 
    into
        tran_table
        (account_no,credit_amount,debit_amount,dr_cr_flag,exchange_rate,fcy_amt,lcy_amt,narration,pointing_id,tran_ccy,tran_date,tran_status,udf1,value_date,tran_id) 
    values
        (?,?,?,?,?,?,?,?,?,?,?,?,?,?,?)
Hibernate: 
    insert 
    into
        tran_table
        (account_no,credit_amount,debit_amount,dr_cr_flag,exchange_rate,fcy_amt,lcy_amt,narration,pointing_id,tran_ccy,tran_date,tran_status,udf1,value_date,tran_id) 
    values
        (?,?,?,?,?,?,?,?,?,?,?,?,?,?,?)
2025-10-30 10:07:13 [main] DEBUG org.hibernate.SQL [] - 
    update
        tran_table 
    set
        account_no=?,
        credit_amount=?,
        debit_amount=?,
        dr_cr_flag=?,
        exchange_rate=?,
        fcy_amt=?,
        lcy_amt=?,
        narration=?,
        pointing_id=?,
        tran_ccy=?,
        tran_date=?,
        tran_status=?,
        udf1=?,
        value_date=? 
    where
        tran_id=?
Hibernate: 
    update
        tran_table 
    set
        account_no=?,
        credit_amount=?,
        debit_amount=?,
        dr_cr_flag=?,
        exchange_rate=?,
        fcy_amt=?,
        lcy_amt=?,
        narration=?,
        pointing_id=?,
        tran_ccy=?,
        tran_date=?,
        tran_status=?,
        udf1=?,
        value_date=? 
    where
        tran_id=?
2025-10-30 10:07:13 [main] DEBUG org.hibernate.SQL [] - 
    select
        t1_0.tran_id,
        t1_0.account_no,
        t1_0.credit_amount,
        t1_0.debit_amount,
        t1_0.dr_cr_flag,
        t1_0.exchange_rate,
        t1_0.fcy_amt,
        t1_0.lcy_amt,
        t1_0.narration,
        t1_0.pointing_id,
        t1_0.tran_ccy,
        t1_0.tran_date,
        t1_0.tran_status,
        t1_0.udf1,
        t1_0.value_date 
    from
        tran_table t1_0 
    where
        t1_0.tran_date between ? and ?
Hibernate: 
    select
        t1_0.tran_id,
        t1_0.account_no,
        t1_0.credit_amount,
        t1_0.debit_amount,
        t1_0.dr_cr_flag,
        t1_0.exchange_rate,
        t1_0.fcy_amt,
        t1_0.lcy_amt,
        t1_0.narration,
        t1_0.pointing_id,
        t1_0.tran_ccy,
        t1_0.tran_date,
        t1_0.tran_status,
        t1_0.udf1,
        t1_0.value_date 
    from
        tran_table t1_0 
    where
        t1_0.tran_date between ? and ?
2025-10-30 10:07:13 [main] INFO  c.e.m.service.EODValidationService [] - No transactions in 'Entry' status found - validation passed
2025-10-30 10:07:13 [main] INFO  c.e.m.service.EODValidationService [] - Validating debit-credit balance for system date: 2024-01-15
2025-10-30 10:07:13 [main] DEBUG org.hibernate.SQL [] - 
    select
        t1_0.tran_id,
        t1_0.account_no,
        t1_0.credit_amount,
        t1_0.debit_amount,
        t1_0.dr_cr_flag,
        t1_0.exchange_rate,
        t1_0.fcy_amt,
        t1_0.lcy_amt,
        t1_0.narration,
        t1_0.pointing_id,
        t1_0.tran_ccy,
        t1_0.tran_date,
        t1_0.tran_status,
        t1_0.udf1,
        t1_0.value_date 
    from
        tran_table t1_0 
    where
        t1_0.tran_date between ? and ?
Hibernate: 
    select
        t1_0.tran_id,
        t1_0.account_no,
        t1_0.credit_amount,
        t1_0.debit_amount,
        t1_0.dr_cr_flag,
        t1_0.exchange_rate,
        t1_0.fcy_amt,
        t1_0.lcy_amt,
        t1_0.narration,
        t1_0.pointing_id,
        t1_0.tran_ccy,
        t1_0.tran_date,
        t1_0.tran_status,
        t1_0.udf1,
        t1_0.value_date 
    from
        tran_table t1_0 
    where
        t1_0.tran_date between ? and ?
2025-10-30 10:07:13 [main] INFO  c.e.m.service.EODValidationService [] - Total Debit: 1000.00, Total Credit: 500.00
2025-10-30 10:07:13 [main] ERROR c.e.m.service.EODValidationService [] - Debit-Credit balance mismatch for system date 2024-01-15. Total Debit: 1000.00, Total Credit: 500.00, Difference: 500.00
2025-10-30 10:07:13 [main] ERROR c.e.m.s.EODOrchestrationService [] - Pre-EOD validations failed: Debit-Credit balance mismatch for system date 2024-01-15. Total Debit: 1000.00, Total Credit: 500.00, Difference: 500.00
2025-10-30 10:07:13 [main] DEBUG org.hibernate.SQL [] - 
    select
        p1_0.parameter_value 
    from
        parameter_table p1_0 
    where
        p1_0.parameter_name='System_Date'
Hibernate: 
    select
        p1_0.parameter_value 
    from
        parameter_table p1_0 
    where
        p1_0.parameter_name='System_Date'
2025-10-30 10:07:13 [main] DEBUG c.e.m.service.SystemDateService [] - Retrieved System_Date from Parameter_Table: 2024-01-15
2025-10-30 10:07:13 [main] DEBUG c.e.m.service.SystemDateService [] - Generated System_DateTime: 2024-01-15T10:07:13.684960100
2025-10-30 10:07:13 [main] DEBUG org.hibernate.SQL [] - 
    select
        p1_0.parameter_value 
    from
        parameter_table p1_0 
    where
        p1_0.parameter_name='System_Date'
Hibernate: 
    select
        p1_0.parameter_value 
    from
        parameter_table p1_0 
    where
        p1_0.parameter_name='System_Date'
2025-10-30 10:07:13 [main] DEBUG c.e.m.service.SystemDateService [] - Retrieved System_Date from Parameter_Table: 2024-01-15
2025-10-30 10:07:13 [main] DEBUG c.e.m.service.SystemDateService [] - Generated System_DateTime: 2024-01-15T10:07:13.685960200
2025-10-30 10:07:13 [main] DEBUG org.hibernate.SQL [] - 
    select
        p1_0.parameter_value 
    from
        parameter_table p1_0 
    where
        p1_0.parameter_name='System_Date'
Hibernate: 
    select
        p1_0.parameter_value 
    from
        parameter_table p1_0 
    where
        p1_0.parameter_name='System_Date'
2025-10-30 10:07:13 [main] DEBUG c.e.m.service.SystemDateService [] - Retrieved System_Date from Parameter_Table: 2024-01-15
2025-10-30 10:07:13 [main] DEBUG c.e.m.service.SystemDateService [] - Generated System_DateTime: 2024-01-15T10:07:13.687958
2025-10-30 10:07:13 [main] DEBUG org.hibernate.SQL [] - 
    insert 
    into
        eod_log_table
        (created_timestamp,end_timestamp,eod_date,error_message,failed_at_step,job_name,records_processed,start_timestamp,status,system_date,user_id,eod_log_id) 
    values
        (?,?,?,?,?,?,?,?,?,?,?,default)
Hibernate: 
    insert 
    into
        eod_log_table
        (created_timestamp,end_timestamp,eod_date,error_message,failed_at_step,job_name,records_processed,start_timestamp,status,system_date,user_id,eod_log_id) 
    values
        (?,?,?,?,?,?,?,?,?,?,?,default)
]]></system-out>
  </testcase>
  <testcase name="testEODProcessWithValidationFailure" classname="com.example.moneymarket.integration.EODIntegrationTest" time="0.041">
    <system-out><![CDATA[2025-10-30 10:07:13 [main] DEBUG org.hibernate.SQL [] - 
    insert 
    into
        parameter_table
        (last_updated,parameter_description,parameter_name,parameter_value,updated_by,parameter_id) 
    values
        (?,?,?,?,?,default)
Hibernate: 
    insert 
    into
        parameter_table
        (last_updated,parameter_description,parameter_name,parameter_value,updated_by,parameter_id) 
    values
        (?,?,?,?,?,default)
2025-10-30 10:07:13 [main] DEBUG org.hibernate.SQL [] - 
    insert 
    into
        parameter_table
        (last_updated,parameter_description,parameter_name,parameter_value,updated_by,parameter_id) 
    values
        (?,?,?,?,?,default)
Hibernate: 
    insert 
    into
        parameter_table
        (last_updated,parameter_description,parameter_name,parameter_value,updated_by,parameter_id) 
    values
        (?,?,?,?,?,default)
2025-10-30 10:07:13 [main] DEBUG org.hibernate.SQL [] - 
    select
        t1_0.tran_id,
        t1_0.account_no,
        t1_0.credit_amount,
        t1_0.debit_amount,
        t1_0.dr_cr_flag,
        t1_0.exchange_rate,
        t1_0.fcy_amt,
        t1_0.lcy_amt,
        t1_0.narration,
        t1_0.pointing_id,
        t1_0.tran_ccy,
        t1_0.tran_date,
        t1_0.tran_status,
        t1_0.udf1,
        t1_0.value_date,
        g1_0.tran_id,
        g1_0.movement_id,
        g1_0.amount,
        g1_0.balance_after,
        g1_0.dr_cr_flag,
        g1_0.fcy_amt,
        g1_0.gl_num,
        g1_0.lcy_amt,
        g1_0.narration,
        g1_0.tran_ccy,
        g1_0.tran_date,
        g1_0.value_date 
    from
        tran_table t1_0 
    left join
        gl_movement g1_0 
            on t1_0.tran_id=g1_0.tran_id 
    where
        t1_0.tran_id=?
Hibernate: 
    select
        t1_0.tran_id,
        t1_0.account_no,
        t1_0.credit_amount,
        t1_0.debit_amount,
        t1_0.dr_cr_flag,
        t1_0.exchange_rate,
        t1_0.fcy_amt,
        t1_0.lcy_amt,
        t1_0.narration,
        t1_0.pointing_id,
        t1_0.tran_ccy,
        t1_0.tran_date,
        t1_0.tran_status,
        t1_0.udf1,
        t1_0.value_date,
        g1_0.tran_id,
        g1_0.movement_id,
        g1_0.amount,
        g1_0.balance_after,
        g1_0.dr_cr_flag,
        g1_0.fcy_amt,
        g1_0.gl_num,
        g1_0.lcy_amt,
        g1_0.narration,
        g1_0.tran_ccy,
        g1_0.tran_date,
        g1_0.value_date 
    from
        tran_table t1_0 
    left join
        gl_movement g1_0 
            on t1_0.tran_id=g1_0.tran_id 
    where
        t1_0.tran_id=?
2025-10-30 10:07:13 [main] DEBUG org.hibernate.SQL [] - 
    select
        t1_0.tran_id,
        t1_0.account_no,
        t1_0.credit_amount,
        t1_0.debit_amount,
        t1_0.dr_cr_flag,
        t1_0.exchange_rate,
        t1_0.fcy_amt,
        t1_0.lcy_amt,
        t1_0.narration,
        t1_0.pointing_id,
        t1_0.tran_ccy,
        t1_0.tran_date,
        t1_0.tran_status,
        t1_0.udf1,
        t1_0.value_date,
        g1_0.tran_id,
        g1_0.movement_id,
        g1_0.amount,
        g1_0.balance_after,
        g1_0.dr_cr_flag,
        g1_0.fcy_amt,
        g1_0.gl_num,
        g1_0.lcy_amt,
        g1_0.narration,
        g1_0.tran_ccy,
        g1_0.tran_date,
        g1_0.value_date 
    from
        tran_table t1_0 
    left join
        gl_movement g1_0 
            on t1_0.tran_id=g1_0.tran_id 
    where
        t1_0.tran_id=?
Hibernate: 
    select
        t1_0.tran_id,
        t1_0.account_no,
        t1_0.credit_amount,
        t1_0.debit_amount,
        t1_0.dr_cr_flag,
        t1_0.exchange_rate,
        t1_0.fcy_amt,
        t1_0.lcy_amt,
        t1_0.narration,
        t1_0.pointing_id,
        t1_0.tran_ccy,
        t1_0.tran_date,
        t1_0.tran_status,
        t1_0.udf1,
        t1_0.value_date,
        g1_0.tran_id,
        g1_0.movement_id,
        g1_0.amount,
        g1_0.balance_after,
        g1_0.dr_cr_flag,
        g1_0.fcy_amt,
        g1_0.gl_num,
        g1_0.lcy_amt,
        g1_0.narration,
        g1_0.tran_ccy,
        g1_0.tran_date,
        g1_0.value_date 
    from
        tran_table t1_0 
    left join
        gl_movement g1_0 
            on t1_0.tran_id=g1_0.tran_id 
    where
        t1_0.tran_id=?
2025-10-30 10:07:13 [main] INFO  c.e.m.s.EODOrchestrationService [] - === STARTING EOD PROCESS ===
2025-10-30 10:07:13 [main] INFO  c.e.m.s.EODOrchestrationService [] - EOD initiated by user: ADMIN
2025-10-30 10:07:13 [main] DEBUG org.hibernate.SQL [] - 
    select
        p1_0.parameter_value 
    from
        parameter_table p1_0 
    where
        p1_0.parameter_name='System_Date'
Hibernate: 
    select
        p1_0.parameter_value 
    from
        parameter_table p1_0 
    where
        p1_0.parameter_name='System_Date'
2025-10-30 10:07:13 [main] DEBUG c.e.m.service.SystemDateService [] - Retrieved System_Date from Parameter_Table: 2024-01-15
2025-10-30 10:07:13 [main] INFO  c.e.m.s.EODOrchestrationService [] - Starting pre-EOD validations for system date: 2024-01-15
2025-10-30 10:07:13 [main] INFO  c.e.m.service.EODValidationService [] - Starting pre-EOD validations for user: ADMIN, system date: 2024-01-15
2025-10-30 10:07:13 [main] INFO  c.e.m.service.EODValidationService [] - Validating EOD admin user: ADMIN
2025-10-30 10:07:13 [main] DEBUG org.hibernate.SQL [] - 
    select
        p1_0.parameter_value 
    from
        parameter_table p1_0 
    where
        p1_0.parameter_name='EOD_Admin_User'
Hibernate: 
    select
        p1_0.parameter_value 
    from
        parameter_table p1_0 
    where
        p1_0.parameter_name='EOD_Admin_User'
2025-10-30 10:07:13 [main] INFO  c.e.m.service.EODValidationService [] - EOD admin user validation passed
2025-10-30 10:07:13 [main] INFO  c.e.m.service.EODValidationService [] - Validating no transactions in 'Entry' status for system date: 2024-01-15
2025-10-30 10:07:13 [main] DEBUG org.hibernate.SQL [] - 
    insert 
    into
        tran_table
        (account_no,credit_amount,debit_amount,dr_cr_flag,exchange_rate,fcy_amt,lcy_amt,narration,pointing_id,tran_ccy,tran_date,tran_status,udf1,value_date,tran_id) 
    values
        (?,?,?,?,?,?,?,?,?,?,?,?,?,?,?)
Hibernate: 
    insert 
    into
        tran_table
        (account_no,credit_amount,debit_amount,dr_cr_flag,exchange_rate,fcy_amt,lcy_amt,narration,pointing_id,tran_ccy,tran_date,tran_status,udf1,value_date,tran_id) 
    values
        (?,?,?,?,?,?,?,?,?,?,?,?,?,?,?)
2025-10-30 10:07:13 [main] DEBUG org.hibernate.SQL [] - 
    insert 
    into
        tran_table
        (account_no,credit_amount,debit_amount,dr_cr_flag,exchange_rate,fcy_amt,lcy_amt,narration,pointing_id,tran_ccy,tran_date,tran_status,udf1,value_date,tran_id) 
    values
        (?,?,?,?,?,?,?,?,?,?,?,?,?,?,?)
Hibernate: 
    insert 
    into
        tran_table
        (account_no,credit_amount,debit_amount,dr_cr_flag,exchange_rate,fcy_amt,lcy_amt,narration,pointing_id,tran_ccy,tran_date,tran_status,udf1,value_date,tran_id) 
    values
        (?,?,?,?,?,?,?,?,?,?,?,?,?,?,?)
2025-10-30 10:07:13 [main] DEBUG org.hibernate.SQL [] - 
    update
        tran_table 
    set
        account_no=?,
        credit_amount=?,
        debit_amount=?,
        dr_cr_flag=?,
        exchange_rate=?,
        fcy_amt=?,
        lcy_amt=?,
        narration=?,
        pointing_id=?,
        tran_ccy=?,
        tran_date=?,
        tran_status=?,
        udf1=?,
        value_date=? 
    where
        tran_id=?
Hibernate: 
    update
        tran_table 
    set
        account_no=?,
        credit_amount=?,
        debit_amount=?,
        dr_cr_flag=?,
        exchange_rate=?,
        fcy_amt=?,
        lcy_amt=?,
        narration=?,
        pointing_id=?,
        tran_ccy=?,
        tran_date=?,
        tran_status=?,
        udf1=?,
        value_date=? 
    where
        tran_id=?
2025-10-30 10:07:13 [main] DEBUG org.hibernate.SQL [] - 
    select
        t1_0.tran_id,
        t1_0.account_no,
        t1_0.credit_amount,
        t1_0.debit_amount,
        t1_0.dr_cr_flag,
        t1_0.exchange_rate,
        t1_0.fcy_amt,
        t1_0.lcy_amt,
        t1_0.narration,
        t1_0.pointing_id,
        t1_0.tran_ccy,
        t1_0.tran_date,
        t1_0.tran_status,
        t1_0.udf1,
        t1_0.value_date 
    from
        tran_table t1_0 
    where
        t1_0.tran_date between ? and ?
Hibernate: 
    select
        t1_0.tran_id,
        t1_0.account_no,
        t1_0.credit_amount,
        t1_0.debit_amount,
        t1_0.dr_cr_flag,
        t1_0.exchange_rate,
        t1_0.fcy_amt,
        t1_0.lcy_amt,
        t1_0.narration,
        t1_0.pointing_id,
        t1_0.tran_ccy,
        t1_0.tran_date,
        t1_0.tran_status,
        t1_0.udf1,
        t1_0.value_date 
    from
        tran_table t1_0 
    where
        t1_0.tran_date between ? and ?
2025-10-30 10:07:13 [main] ERROR c.e.m.service.EODValidationService [] - Found 1 transactions in 'Entry' status that must be verified before EOD. Transaction IDs: TXN001
2025-10-30 10:07:13 [main] ERROR c.e.m.s.EODOrchestrationService [] - Pre-EOD validations failed: Found 1 transactions in 'Entry' status that must be verified before EOD. Transaction IDs: TXN001
2025-10-30 10:07:13 [main] DEBUG org.hibernate.SQL [] - 
    select
        p1_0.parameter_value 
    from
        parameter_table p1_0 
    where
        p1_0.parameter_name='System_Date'
Hibernate: 
    select
        p1_0.parameter_value 
    from
        parameter_table p1_0 
    where
        p1_0.parameter_name='System_Date'
2025-10-30 10:07:13 [main] DEBUG c.e.m.service.SystemDateService [] - Retrieved System_Date from Parameter_Table: 2024-01-15
2025-10-30 10:07:13 [main] DEBUG c.e.m.service.SystemDateService [] - Generated System_DateTime: 2024-01-15T10:07:13.747124800
2025-10-30 10:07:13 [main] DEBUG org.hibernate.SQL [] - 
    select
        p1_0.parameter_value 
    from
        parameter_table p1_0 
    where
        p1_0.parameter_name='System_Date'
Hibernate: 
    select
        p1_0.parameter_value 
    from
        parameter_table p1_0 
    where
        p1_0.parameter_name='System_Date'
2025-10-30 10:07:13 [main] DEBUG c.e.m.service.SystemDateService [] - Retrieved System_Date from Parameter_Table: 2024-01-15
2025-10-30 10:07:13 [main] DEBUG c.e.m.service.SystemDateService [] - Generated System_DateTime: 2024-01-15T10:07:13.748714200
2025-10-30 10:07:13 [main] DEBUG org.hibernate.SQL [] - 
    select
        p1_0.parameter_value 
    from
        parameter_table p1_0 
    where
        p1_0.parameter_name='System_Date'
Hibernate: 
    select
        p1_0.parameter_value 
    from
        parameter_table p1_0 
    where
        p1_0.parameter_name='System_Date'
2025-10-30 10:07:13 [main] DEBUG c.e.m.service.SystemDateService [] - Retrieved System_Date from Parameter_Table: 2024-01-15
2025-10-30 10:07:13 [main] DEBUG c.e.m.service.SystemDateService [] - Generated System_DateTime: 2024-01-15T10:07:13.748714200
2025-10-30 10:07:13 [main] DEBUG org.hibernate.SQL [] - 
    insert 
    into
        eod_log_table
        (created_timestamp,end_timestamp,eod_date,error_message,failed_at_step,job_name,records_processed,start_timestamp,status,system_date,user_id,eod_log_id) 
    values
        (?,?,?,?,?,?,?,?,?,?,?,default)
Hibernate: 
    insert 
    into
        eod_log_table
        (created_timestamp,end_timestamp,eod_date,error_message,failed_at_step,job_name,records_processed,start_timestamp,status,system_date,user_id,eod_log_id) 
    values
        (?,?,?,?,?,?,?,?,?,?,?,default)
2025-10-30 10:07:13 [main] DEBUG org.hibernate.SQL [] - 
    select
        p1_0.parameter_value 
    from
        parameter_table p1_0 
    where
        p1_0.parameter_name='System_Date'
Hibernate: 
    select
        p1_0.parameter_value 
    from
        parameter_table p1_0 
    where
        p1_0.parameter_name='System_Date'
2025-10-30 10:07:13 [main] DEBUG c.e.m.service.SystemDateService [] - Retrieved System_Date from Parameter_Table: 2024-01-15
]]></system-out>
  </testcase>
  <testcase name="testFullEODProcess" classname="com.example.moneymarket.integration.EODIntegrationTest" time="1.067">
    <system-out><![CDATA[2025-10-30 10:07:13 [main] DEBUG org.hibernate.SQL [] - 
    insert 
    into
        parameter_table
        (last_updated,parameter_description,parameter_name,parameter_value,updated_by,parameter_id) 
    values
        (?,?,?,?,?,default)
Hibernate: 
    insert 
    into
        parameter_table
        (last_updated,parameter_description,parameter_name,parameter_value,updated_by,parameter_id) 
    values
        (?,?,?,?,?,default)
2025-10-30 10:07:13 [main] DEBUG org.hibernate.SQL [] - 
    insert 
    into
        parameter_table
        (last_updated,parameter_description,parameter_name,parameter_value,updated_by,parameter_id) 
    values
        (?,?,?,?,?,default)
Hibernate: 
    insert 
    into
        parameter_table
        (last_updated,parameter_description,parameter_name,parameter_value,updated_by,parameter_id) 
    values
        (?,?,?,?,?,default)
2025-10-30 10:07:13 [main] DEBUG org.hibernate.SQL [] - 
    select
        t1_0.tran_id,
        t1_0.account_no,
        t1_0.credit_amount,
        t1_0.debit_amount,
        t1_0.dr_cr_flag,
        t1_0.exchange_rate,
        t1_0.fcy_amt,
        t1_0.lcy_amt,
        t1_0.narration,
        t1_0.pointing_id,
        t1_0.tran_ccy,
        t1_0.tran_date,
        t1_0.tran_status,
        t1_0.udf1,
        t1_0.value_date,
        g1_0.tran_id,
        g1_0.movement_id,
        g1_0.amount,
        g1_0.balance_after,
        g1_0.dr_cr_flag,
        g1_0.fcy_amt,
        g1_0.gl_num,
        g1_0.lcy_amt,
        g1_0.narration,
        g1_0.tran_ccy,
        g1_0.tran_date,
        g1_0.value_date 
    from
        tran_table t1_0 
    left join
        gl_movement g1_0 
            on t1_0.tran_id=g1_0.tran_id 
    where
        t1_0.tran_id=?
Hibernate: 
    select
        t1_0.tran_id,
        t1_0.account_no,
        t1_0.credit_amount,
        t1_0.debit_amount,
        t1_0.dr_cr_flag,
        t1_0.exchange_rate,
        t1_0.fcy_amt,
        t1_0.lcy_amt,
        t1_0.narration,
        t1_0.pointing_id,
        t1_0.tran_ccy,
        t1_0.tran_date,
        t1_0.tran_status,
        t1_0.udf1,
        t1_0.value_date,
        g1_0.tran_id,
        g1_0.movement_id,
        g1_0.amount,
        g1_0.balance_after,
        g1_0.dr_cr_flag,
        g1_0.fcy_amt,
        g1_0.gl_num,
        g1_0.lcy_amt,
        g1_0.narration,
        g1_0.tran_ccy,
        g1_0.tran_date,
        g1_0.value_date 
    from
        tran_table t1_0 
    left join
        gl_movement g1_0 
            on t1_0.tran_id=g1_0.tran_id 
    where
        t1_0.tran_id=?
2025-10-30 10:07:13 [main] DEBUG org.hibernate.SQL [] - 
    select
        t1_0.tran_id,
        t1_0.account_no,
        t1_0.credit_amount,
        t1_0.debit_amount,
        t1_0.dr_cr_flag,
        t1_0.exchange_rate,
        t1_0.fcy_amt,
        t1_0.lcy_amt,
        t1_0.narration,
        t1_0.pointing_id,
        t1_0.tran_ccy,
        t1_0.tran_date,
        t1_0.tran_status,
        t1_0.udf1,
        t1_0.value_date,
        g1_0.tran_id,
        g1_0.movement_id,
        g1_0.amount,
        g1_0.balance_after,
        g1_0.dr_cr_flag,
        g1_0.fcy_amt,
        g1_0.gl_num,
        g1_0.lcy_amt,
        g1_0.narration,
        g1_0.tran_ccy,
        g1_0.tran_date,
        g1_0.value_date 
    from
        tran_table t1_0 
    left join
        gl_movement g1_0 
            on t1_0.tran_id=g1_0.tran_id 
    where
        t1_0.tran_id=?
Hibernate: 
    select
        t1_0.tran_id,
        t1_0.account_no,
        t1_0.credit_amount,
        t1_0.debit_amount,
        t1_0.dr_cr_flag,
        t1_0.exchange_rate,
        t1_0.fcy_amt,
        t1_0.lcy_amt,
        t1_0.narration,
        t1_0.pointing_id,
        t1_0.tran_ccy,
        t1_0.tran_date,
        t1_0.tran_status,
        t1_0.udf1,
        t1_0.value_date,
        g1_0.tran_id,
        g1_0.movement_id,
        g1_0.amount,
        g1_0.balance_after,
        g1_0.dr_cr_flag,
        g1_0.fcy_amt,
        g1_0.gl_num,
        g1_0.lcy_amt,
        g1_0.narration,
        g1_0.tran_ccy,
        g1_0.tran_date,
        g1_0.value_date 
    from
        tran_table t1_0 
    left join
        gl_movement g1_0 
            on t1_0.tran_id=g1_0.tran_id 
    where
        t1_0.tran_id=?
2025-10-30 10:07:13 [main] INFO  c.e.m.s.EODOrchestrationService [] - === STARTING EOD PROCESS ===
2025-10-30 10:07:13 [main] INFO  c.e.m.s.EODOrchestrationService [] - EOD initiated by user: ADMIN
2025-10-30 10:07:13 [main] DEBUG org.hibernate.SQL [] - 
    select
        p1_0.parameter_value 
    from
        parameter_table p1_0 
    where
        p1_0.parameter_name='System_Date'
Hibernate: 
    select
        p1_0.parameter_value 
    from
        parameter_table p1_0 
    where
        p1_0.parameter_name='System_Date'
2025-10-30 10:07:13 [main] DEBUG c.e.m.service.SystemDateService [] - Retrieved System_Date from Parameter_Table: 2024-01-15
2025-10-30 10:07:13 [main] INFO  c.e.m.s.EODOrchestrationService [] - Starting pre-EOD validations for system date: 2024-01-15
2025-10-30 10:07:13 [main] INFO  c.e.m.service.EODValidationService [] - Starting pre-EOD validations for user: ADMIN, system date: 2024-01-15
2025-10-30 10:07:13 [main] INFO  c.e.m.service.EODValidationService [] - Validating EOD admin user: ADMIN
2025-10-30 10:07:13 [main] DEBUG org.hibernate.SQL [] - 
    select
        p1_0.parameter_value 
    from
        parameter_table p1_0 
    where
        p1_0.parameter_name='EOD_Admin_User'
Hibernate: 
    select
        p1_0.parameter_value 
    from
        parameter_table p1_0 
    where
        p1_0.parameter_name='EOD_Admin_User'
2025-10-30 10:07:13 [main] INFO  c.e.m.service.EODValidationService [] - EOD admin user validation passed
2025-10-30 10:07:13 [main] INFO  c.e.m.service.EODValidationService [] - Validating no transactions in 'Entry' status for system date: 2024-01-15
2025-10-30 10:07:13 [main] DEBUG org.hibernate.SQL [] - 
    insert 
    into
        tran_table
        (account_no,credit_amount,debit_amount,dr_cr_flag,exchange_rate,fcy_amt,lcy_amt,narration,pointing_id,tran_ccy,tran_date,tran_status,udf1,value_date,tran_id) 
    values
        (?,?,?,?,?,?,?,?,?,?,?,?,?,?,?)
Hibernate: 
    insert 
    into
        tran_table
        (account_no,credit_amount,debit_amount,dr_cr_flag,exchange_rate,fcy_amt,lcy_amt,narration,pointing_id,tran_ccy,tran_date,tran_status,udf1,value_date,tran_id) 
    values
        (?,?,?,?,?,?,?,?,?,?,?,?,?,?,?)
2025-10-30 10:07:13 [main] DEBUG org.hibernate.SQL [] - 
    insert 
    into
        tran_table
        (account_no,credit_amount,debit_amount,dr_cr_flag,exchange_rate,fcy_amt,lcy_amt,narration,pointing_id,tran_ccy,tran_date,tran_status,udf1,value_date,tran_id) 
    values
        (?,?,?,?,?,?,?,?,?,?,?,?,?,?,?)
Hibernate: 
    insert 
    into
        tran_table
        (account_no,credit_amount,debit_amount,dr_cr_flag,exchange_rate,fcy_amt,lcy_amt,narration,pointing_id,tran_ccy,tran_date,tran_status,udf1,value_date,tran_id) 
    values
        (?,?,?,?,?,?,?,?,?,?,?,?,?,?,?)
2025-10-30 10:07:13 [main] DEBUG org.hibernate.SQL [] - 
    select
        t1_0.tran_id,
        t1_0.account_no,
        t1_0.credit_amount,
        t1_0.debit_amount,
        t1_0.dr_cr_flag,
        t1_0.exchange_rate,
        t1_0.fcy_amt,
        t1_0.lcy_amt,
        t1_0.narration,
        t1_0.pointing_id,
        t1_0.tran_ccy,
        t1_0.tran_date,
        t1_0.tran_status,
        t1_0.udf1,
        t1_0.value_date 
    from
        tran_table t1_0 
    where
        t1_0.tran_date between ? and ?
Hibernate: 
    select
        t1_0.tran_id,
        t1_0.account_no,
        t1_0.credit_amount,
        t1_0.debit_amount,
        t1_0.dr_cr_flag,
        t1_0.exchange_rate,
        t1_0.fcy_amt,
        t1_0.lcy_amt,
        t1_0.narration,
        t1_0.pointing_id,
        t1_0.tran_ccy,
        t1_0.tran_date,
        t1_0.tran_status,
        t1_0.udf1,
        t1_0.value_date 
    from
        tran_table t1_0 
    where
        t1_0.tran_date between ? and ?
2025-10-30 10:07:13 [main] INFO  c.e.m.service.EODValidationService [] - No transactions in 'Entry' status found - validation passed
2025-10-30 10:07:13 [main] INFO  c.e.m.service.EODValidationService [] - Validating debit-credit balance for system date: 2024-01-15
2025-10-30 10:07:13 [main] DEBUG org.hibernate.SQL [] - 
    select
        t1_0.tran_id,
        t1_0.account_no,
        t1_0.credit_amount,
        t1_0.debit_amount,
        t1_0.dr_cr_flag,
        t1_0.exchange_rate,
        t1_0.fcy_amt,
        t1_0.lcy_amt,
        t1_0.narration,
        t1_0.pointing_id,
        t1_0.tran_ccy,
        t1_0.tran_date,
        t1_0.tran_status,
        t1_0.udf1,
        t1_0.value_date 
    from
        tran_table t1_0 
    where
        t1_0.tran_date between ? and ?
Hibernate: 
    select
        t1_0.tran_id,
        t1_0.account_no,
        t1_0.credit_amount,
        t1_0.debit_amount,
        t1_0.dr_cr_flag,
        t1_0.exchange_rate,
        t1_0.fcy_amt,
        t1_0.lcy_amt,
        t1_0.narration,
        t1_0.pointing_id,
        t1_0.tran_ccy,
        t1_0.tran_date,
        t1_0.tran_status,
        t1_0.udf1,
        t1_0.value_date 
    from
        tran_table t1_0 
    where
        t1_0.tran_date between ? and ?
2025-10-30 10:07:13 [main] INFO  c.e.m.service.EODValidationService [] - Total Debit: 1000.00, Total Credit: 1000.00
2025-10-30 10:07:13 [main] INFO  c.e.m.service.EODValidationService [] - Debit-credit balance validation passed
2025-10-30 10:07:13 [main] INFO  c.e.m.service.EODValidationService [] - All pre-EOD validations passed successfully
2025-10-30 10:07:13 [main] INFO  c.e.m.s.EODOrchestrationService [] - Pre-EOD validations passed successfully
2025-10-30 10:07:13 [main] INFO  c.e.m.s.EODOrchestrationService [] - Starting Batch Job 1: Account Balance Update
2025-10-30 10:07:13 [main] DEBUG org.hibernate.SQL [] - 
    select
        p1_0.parameter_value 
    from
        parameter_table p1_0 
    where
        p1_0.parameter_name='System_Date'
Hibernate: 
    select
        p1_0.parameter_value 
    from
        parameter_table p1_0 
    where
        p1_0.parameter_name='System_Date'
2025-10-30 10:07:13 [main] DEBUG c.e.m.service.SystemDateService [] - Retrieved System_Date from Parameter_Table: 2024-01-15
2025-10-30 10:07:13 [main] DEBUG c.e.m.service.SystemDateService [] - Generated System_DateTime: 2024-01-15T10:07:13.795588600
2025-10-30 10:07:13 [main] INFO  c.e.m.s.AccountBalanceUpdateService [] - Starting EOD Account Balance Update for date: 2024-01-15
2025-10-30 10:07:13 [main] DEBUG org.hibernate.SQL [] - 
    select
        t1_0.tran_id,
        t1_0.account_no,
        t1_0.credit_amount,
        t1_0.debit_amount,
        t1_0.dr_cr_flag,
        t1_0.exchange_rate,
        t1_0.fcy_amt,
        t1_0.lcy_amt,
        t1_0.narration,
        t1_0.pointing_id,
        t1_0.tran_ccy,
        t1_0.tran_date,
        t1_0.tran_status,
        t1_0.udf1,
        t1_0.value_date 
    from
        tran_table t1_0 
    where
        t1_0.tran_date between ? and ?
Hibernate: 
    select
        t1_0.tran_id,
        t1_0.account_no,
        t1_0.credit_amount,
        t1_0.debit_amount,
        t1_0.dr_cr_flag,
        t1_0.exchange_rate,
        t1_0.fcy_amt,
        t1_0.lcy_amt,
        t1_0.narration,
        t1_0.pointing_id,
        t1_0.tran_ccy,
        t1_0.tran_date,
        t1_0.tran_status,
        t1_0.udf1,
        t1_0.value_date 
    from
        tran_table t1_0 
    where
        t1_0.tran_date between ? and ?
2025-10-30 10:07:13 [main] DEBUG org.hibernate.SQL [] - 
    select
        a1_0.account_no,
        a1_0.tran_date,
        a1_0.available_balance,
        a1_0.closing_bal,
        a1_0.cr_summation,
        a1_0.current_balance,
        a1_0.dr_summation,
        a1_0.last_updated,
        a1_0.opening_bal 
    from
        acct_bal a1_0 
    where
        a1_0.account_no=? 
        and a1_0.tran_date=?
Hibernate: 
    select
        a1_0.account_no,
        a1_0.tran_date,
        a1_0.available_balance,
        a1_0.closing_bal,
        a1_0.cr_summation,
        a1_0.current_balance,
        a1_0.dr_summation,
        a1_0.last_updated,
        a1_0.opening_bal 
    from
        acct_bal a1_0 
    where
        a1_0.account_no=? 
        and a1_0.tran_date=?
2025-10-30 10:07:13 [main] DEBUG org.hibernate.SQL [] - 
    select
        a1_0.account_no,
        a1_0.tran_date,
        a1_0.available_balance,
        a1_0.closing_bal,
        a1_0.cr_summation,
        a1_0.current_balance,
        a1_0.dr_summation,
        a1_0.last_updated,
        a1_0.opening_bal 
    from
        acct_bal a1_0 
    where
        a1_0.account_no=? 
        and a1_0.tran_date<? 
    order by
        a1_0.tran_date desc
Hibernate: 
    select
        a1_0.account_no,
        a1_0.tran_date,
        a1_0.available_balance,
        a1_0.closing_bal,
        a1_0.cr_summation,
        a1_0.current_balance,
        a1_0.dr_summation,
        a1_0.last_updated,
        a1_0.opening_bal 
    from
        acct_bal a1_0 
    where
        a1_0.account_no=? 
        and a1_0.tran_date<? 
    order by
        a1_0.tran_date desc
2025-10-30 10:07:13 [main] INFO  c.e.m.s.AccountBalanceUpdateService [] - 3-Tier Fallback [Tier 3 - New Account]: Account ACC001 has no previous records before 2024-01-15. Using Opening_Bal = 0
2025-10-30 10:07:13 [main] DEBUG org.hibernate.SQL [] - 
    select
        t1_0.tran_id,
        t1_0.account_no,
        t1_0.credit_amount,
        t1_0.debit_amount,
        t1_0.dr_cr_flag,
        t1_0.exchange_rate,
        t1_0.fcy_amt,
        t1_0.lcy_amt,
        t1_0.narration,
        t1_0.pointing_id,
        t1_0.tran_ccy,
        t1_0.tran_date,
        t1_0.tran_status,
        t1_0.udf1,
        t1_0.value_date 
    from
        tran_table t1_0 
    where
        t1_0.account_no=? 
        and t1_0.tran_date=?
Hibernate: 
    select
        t1_0.tran_id,
        t1_0.account_no,
        t1_0.credit_amount,
        t1_0.debit_amount,
        t1_0.dr_cr_flag,
        t1_0.exchange_rate,
        t1_0.fcy_amt,
        t1_0.lcy_amt,
        t1_0.narration,
        t1_0.pointing_id,
        t1_0.tran_ccy,
        t1_0.tran_date,
        t1_0.tran_status,
        t1_0.udf1,
        t1_0.value_date 
    from
        tran_table t1_0 
    where
        t1_0.account_no=? 
        and t1_0.tran_date=?
2025-10-30 10:07:13 [main] DEBUG org.hibernate.SQL [] - 
    select
        p1_0.parameter_value 
    from
        parameter_table p1_0 
    where
        p1_0.parameter_name='System_Date'
Hibernate: 
    select
        p1_0.parameter_value 
    from
        parameter_table p1_0 
    where
        p1_0.parameter_name='System_Date'
2025-10-30 10:07:13 [main] DEBUG c.e.m.service.SystemDateService [] - Retrieved System_Date from Parameter_Table: 2024-01-15
2025-10-30 10:07:13 [main] DEBUG c.e.m.service.SystemDateService [] - Generated System_DateTime: 2024-01-15T10:07:13.826837300
2025-10-30 10:07:13 [main] DEBUG org.hibernate.SQL [] - 
    select
        a1_0.account_no,
        a1_0.tran_date,
        a1_0.available_balance,
        a1_0.closing_bal,
        a1_0.cr_summation,
        a1_0.current_balance,
        a1_0.dr_summation,
        a1_0.last_updated,
        a1_0.opening_bal 
    from
        acct_bal a1_0 
    where
        (
            a1_0.account_no,a1_0.tran_date
        ) in ((?,?))
Hibernate: 
    select
        a1_0.account_no,
        a1_0.tran_date,
        a1_0.available_balance,
        a1_0.closing_bal,
        a1_0.cr_summation,
        a1_0.current_balance,
        a1_0.dr_summation,
        a1_0.last_updated,
        a1_0.opening_bal 
    from
        acct_bal a1_0 
    where
        (
            a1_0.account_no,a1_0.tran_date
        ) in ((?,?))
2025-10-30 10:07:13 [main] DEBUG org.hibernate.SQL [] - 
    insert 
    into
        acct_bal
        (available_balance,closing_bal,cr_summation,current_balance,dr_summation,last_updated,opening_bal,account_no,tran_date) 
    values
        (?,?,?,?,?,?,?,?,?)
Hibernate: 
    insert 
    into
        acct_bal
        (available_balance,closing_bal,cr_summation,current_balance,dr_summation,last_updated,opening_bal,account_no,tran_date) 
    values
        (?,?,?,?,?,?,?,?,?)
2025-10-30 10:07:13 [main] DEBUG org.hibernate.SQL [] - 
    select
        a1_0.account_no,
        a1_0.tran_date,
        a1_0.available_balance,
        a1_0.closing_bal,
        a1_0.cr_summation,
        a1_0.current_balance,
        a1_0.dr_summation,
        a1_0.last_updated,
        a1_0.opening_bal 
    from
        acct_bal a1_0 
    where
        a1_0.account_no=? 
        and a1_0.tran_date=?
Hibernate: 
    select
        a1_0.account_no,
        a1_0.tran_date,
        a1_0.available_balance,
        a1_0.closing_bal,
        a1_0.cr_summation,
        a1_0.current_balance,
        a1_0.dr_summation,
        a1_0.last_updated,
        a1_0.opening_bal 
    from
        acct_bal a1_0 
    where
        a1_0.account_no=? 
        and a1_0.tran_date=?
2025-10-30 10:07:13 [main] DEBUG org.hibernate.SQL [] - 
    select
        a1_0.account_no,
        a1_0.tran_date,
        a1_0.available_balance,
        a1_0.closing_bal,
        a1_0.cr_summation,
        a1_0.current_balance,
        a1_0.dr_summation,
        a1_0.last_updated,
        a1_0.opening_bal 
    from
        acct_bal a1_0 
    where
        a1_0.account_no=? 
        and a1_0.tran_date<? 
    order by
        a1_0.tran_date desc
Hibernate: 
    select
        a1_0.account_no,
        a1_0.tran_date,
        a1_0.available_balance,
        a1_0.closing_bal,
        a1_0.cr_summation,
        a1_0.current_balance,
        a1_0.dr_summation,
        a1_0.last_updated,
        a1_0.opening_bal 
    from
        acct_bal a1_0 
    where
        a1_0.account_no=? 
        and a1_0.tran_date<? 
    order by
        a1_0.tran_date desc
2025-10-30 10:07:13 [main] INFO  c.e.m.s.AccountBalanceUpdateService [] - 3-Tier Fallback [Tier 3 - New Account]: Account ACC002 has no previous records before 2024-01-15. Using Opening_Bal = 0
2025-10-30 10:07:13 [main] DEBUG org.hibernate.SQL [] - 
    select
        t1_0.tran_id,
        t1_0.account_no,
        t1_0.credit_amount,
        t1_0.debit_amount,
        t1_0.dr_cr_flag,
        t1_0.exchange_rate,
        t1_0.fcy_amt,
        t1_0.lcy_amt,
        t1_0.narration,
        t1_0.pointing_id,
        t1_0.tran_ccy,
        t1_0.tran_date,
        t1_0.tran_status,
        t1_0.udf1,
        t1_0.value_date 
    from
        tran_table t1_0 
    where
        t1_0.account_no=? 
        and t1_0.tran_date=?
Hibernate: 
    select
        t1_0.tran_id,
        t1_0.account_no,
        t1_0.credit_amount,
        t1_0.debit_amount,
        t1_0.dr_cr_flag,
        t1_0.exchange_rate,
        t1_0.fcy_amt,
        t1_0.lcy_amt,
        t1_0.narration,
        t1_0.pointing_id,
        t1_0.tran_ccy,
        t1_0.tran_date,
        t1_0.tran_status,
        t1_0.udf1,
        t1_0.value_date 
    from
        tran_table t1_0 
    where
        t1_0.account_no=? 
        and t1_0.tran_date=?
2025-10-30 10:07:13 [main] DEBUG org.hibernate.SQL [] - 
    select
        p1_0.parameter_value 
    from
        parameter_table p1_0 
    where
        p1_0.parameter_name='System_Date'
Hibernate: 
    select
        p1_0.parameter_value 
    from
        parameter_table p1_0 
    where
        p1_0.parameter_name='System_Date'
2025-10-30 10:07:13 [main] DEBUG c.e.m.service.SystemDateService [] - Retrieved System_Date from Parameter_Table: 2024-01-15
2025-10-30 10:07:13 [main] DEBUG c.e.m.service.SystemDateService [] - Generated System_DateTime: 2024-01-15T10:07:13.861364900
2025-10-30 10:07:13 [main] DEBUG org.hibernate.SQL [] - 
    select
        a1_0.account_no,
        a1_0.tran_date,
        a1_0.available_balance,
        a1_0.closing_bal,
        a1_0.cr_summation,
        a1_0.current_balance,
        a1_0.dr_summation,
        a1_0.last_updated,
        a1_0.opening_bal 
    from
        acct_bal a1_0 
    where
        (
            a1_0.account_no,a1_0.tran_date
        ) in ((?,?))
Hibernate: 
    select
        a1_0.account_no,
        a1_0.tran_date,
        a1_0.available_balance,
        a1_0.closing_bal,
        a1_0.cr_summation,
        a1_0.current_balance,
        a1_0.dr_summation,
        a1_0.last_updated,
        a1_0.opening_bal 
    from
        acct_bal a1_0 
    where
        (
            a1_0.account_no,a1_0.tran_date
        ) in ((?,?))
2025-10-30 10:07:13 [main] INFO  c.e.m.s.AccountBalanceUpdateService [] - EOD Account Balance Update completed. Processed: 2, Errors: 0, Total Accounts with Transactions: 2 for date: 2024-01-15
2025-10-30 10:07:13 [main] DEBUG org.hibernate.SQL [] - 
    select
        p1_0.parameter_value 
    from
        parameter_table p1_0 
    where
        p1_0.parameter_name='System_Date'
Hibernate: 
    select
        p1_0.parameter_value 
    from
        parameter_table p1_0 
    where
        p1_0.parameter_name='System_Date'
2025-10-30 10:07:13 [main] DEBUG c.e.m.service.SystemDateService [] - Retrieved System_Date from Parameter_Table: 2024-01-15
2025-10-30 10:07:13 [main] DEBUG c.e.m.service.SystemDateService [] - Generated System_DateTime: 2024-01-15T10:07:13.865630100
2025-10-30 10:07:13 [main] DEBUG org.hibernate.SQL [] - 
    select
        p1_0.parameter_value 
    from
        parameter_table p1_0 
    where
        p1_0.parameter_name='System_Date'
Hibernate: 
    select
        p1_0.parameter_value 
    from
        parameter_table p1_0 
    where
        p1_0.parameter_name='System_Date'
2025-10-30 10:07:13 [main] DEBUG c.e.m.service.SystemDateService [] - Retrieved System_Date from Parameter_Table: 2024-01-15
2025-10-30 10:07:13 [main] DEBUG c.e.m.service.SystemDateService [] - Generated System_DateTime: 2024-01-15T10:07:13.867629600
2025-10-30 10:07:13 [main] DEBUG org.hibernate.SQL [] - 
    select
        p1_0.parameter_value 
    from
        parameter_table p1_0 
    where
        p1_0.parameter_name='System_Date'
Hibernate: 
    select
        p1_0.parameter_value 
    from
        parameter_table p1_0 
    where
        p1_0.parameter_name='System_Date'
2025-10-30 10:07:13 [main] DEBUG c.e.m.service.SystemDateService [] - Retrieved System_Date from Parameter_Table: 2024-01-15
2025-10-30 10:07:13 [main] DEBUG c.e.m.service.SystemDateService [] - Generated System_DateTime: 2024-01-15T10:07:13.870627800
2025-10-30 10:07:13 [main] DEBUG org.hibernate.SQL [] - 
    insert 
    into
        acct_bal
        (available_balance,closing_bal,cr_summation,current_balance,dr_summation,last_updated,opening_bal,account_no,tran_date) 
    values
        (?,?,?,?,?,?,?,?,?)
Hibernate: 
    insert 
    into
        acct_bal
        (available_balance,closing_bal,cr_summation,current_balance,dr_summation,last_updated,opening_bal,account_no,tran_date) 
    values
        (?,?,?,?,?,?,?,?,?)
2025-10-30 10:07:13 [main] DEBUG org.hibernate.SQL [] - 
    insert 
    into
        eod_log_table
        (created_timestamp,end_timestamp,eod_date,error_message,failed_at_step,job_name,records_processed,start_timestamp,status,system_date,user_id,eod_log_id) 
    values
        (?,?,?,?,?,?,?,?,?,?,?,default)
Hibernate: 
    insert 
    into
        eod_log_table
        (created_timestamp,end_timestamp,eod_date,error_message,failed_at_step,job_name,records_processed,start_timestamp,status,system_date,user_id,eod_log_id) 
    values
        (?,?,?,?,?,?,?,?,?,?,?,default)
2025-10-30 10:07:13 [main] INFO  c.e.m.s.EODOrchestrationService [] - Batch Job 1 completed successfully. Records processed: 2
2025-10-30 10:07:13 [main] INFO  c.e.m.s.EODOrchestrationService [] - Starting Batch Job 2: Interest Accrual Transaction Update
2025-10-30 10:07:13 [main] INFO  c.e.m.service.InterestAccrualService [] - Starting Batch Job 2: Interest Accrual Transaction Update for date: 2024-01-15
2025-10-30 10:07:13 [main] DEBUG org.hibernate.SQL [] - 
    select
        c1_0.account_no,
        c1_0.account_status,
        c1_0.acct_name,
        c1_0.branch_code,
        c1_0.cust_name,
        c1_0.cust_id,
        c1_0.date_closure,
        c1_0.date_maturity,
        c1_0.date_opening,
        c1_0.gl_num,
        c1_0.loan_limit,
        c1_0.sub_product_id,
        c1_0.tenor 
    from
        cust_acct_master c1_0 
[...]
            sub_prod_master sp     
        INNER JOIN
            of_acct_master oa 
                ON oa.Sub_Product_Id = sp.Sub_Product_Id     
        WHERE
            (sp.Cum_GL_Num LIKE '1%' 
            OR sp.Cum_GL_Num LIKE '2%')     
            AND sp.Cum_GL_Num NOT LIKE '14%'     
            AND sp.Cum_GL_Num NOT LIKE '24%'      
        UNION
        -- Interest income/expenditure GLs 
    from
        sub-products with customer accounts     -- Authority: Include ALL interest GLs even if they start with 14% 
        or 24%     SELECT
            DISTINCT sp.interest_income_expenditure_gl_num     
        FROM
            sub_prod_master sp     
        INNER JOIN
            cust_acct_master ca 
                ON ca.Sub_Product_Id = sp.Sub_Product_Id     
        WHERE
            sp.interest_income_expenditure_gl_num IS NOT NULL      
        UNION
        -- Interest receivable/payable GLs 
    from
        sub-products with customer accounts     -- Authority: Include ALL interest GLs even if they start with 14% 
        or 24%     SELECT
            DISTINCT sp.interest_receivable_payable_gl_num     
        FROM
            sub_prod_master sp     
        INNER JOIN
            cust_acct_master ca 
                ON ca.Sub_Product_Id = sp.Sub_Product_Id     
        WHERE
            sp.interest_receivable_payable_gl_num IS NOT NULL      
        UNION
        -- Interest income/expenditure GLs 
    from
        sub-products with office accounts     -- Authority: Include ALL interest GLs even if they start with 14% 
        or 24%     SELECT
            DISTINCT sp.interest_income_expenditure_gl_num     
        FROM
            sub_prod_master sp     
        INNER JOIN
            of_acct_master oa 
                ON oa.Sub_Product_Id = sp.Sub_Product_Id     
        WHERE
            sp.interest_income_expenditure_gl_num IS NOT NULL      
        UNION
        -- Interest receivable/payable GLs 
    from
        sub-products with office accounts     -- Authority: Include ALL interest GLs even if they start with 14% 
        or 24%     SELECT
            DISTINCT sp.interest_receivable_payable_gl_num     
        FROM
            sub_prod_master sp     
        INNER JOIN
            of_acct_master oa 
                ON oa.Sub_Product_Id = sp.Sub_Product_Id     
        WHERE
            sp.interest_receivable_payable_gl_num IS NOT NULL ) 
        AND (gl.GL_Num LIKE '1%' 
        OR gl.GL_Num LIKE '2%') 
    ORDER BY
        gl.GL_Num 
Hibernate: 
    SELECT
        DISTINCT gl.GL_Num 
    FROM
        gl_setup gl 
    WHERE
        gl.GL_Num IN (     -- Main GLs (Cum_GL_Num) 
    from
        sub-products with customer accounts     -- These should exclude Income (14%) 
        and Expenditure (24%) GLs     SELECT
            DISTINCT sp.Cum_GL_Num     
        FROM
            sub_prod_master sp     
        INNER JOIN
            cust_acct_master ca 
                ON ca.Sub_Product_Id = sp.Sub_Product_Id     
        WHERE
            (sp.Cum_GL_Num LIKE '1%' 
            OR sp.Cum_GL_Num LIKE '2%')     
            AND sp.Cum_GL_Num NOT LIKE '14%'     
            AND sp.Cum_GL_Num NOT LIKE '24%'      
        UNION
        -- Main GLs (Cum_GL_Num) 
    from
        sub-products with office accounts     -- These should exclude Income (14%) 
        and Expenditure (24%) GLs     SELECT
            DISTINCT sp.Cum_GL_Num     
        FROM
            sub_prod_master sp     
        INNER JOIN
            of_acct_master oa 
                ON oa.Sub_Product_Id = sp.Sub_Product_Id     
        WHERE
            (sp.Cum_GL_Num LIKE '1%' 
            OR sp.Cum_GL_Num LIKE '2%')     
            AND sp.Cum_GL_Num NOT LIKE '14%'     
            AND sp.Cum_GL_Num NOT LIKE '24%'      
        UNION
        -- Interest income/expenditure GLs 
    from
        sub-products with customer accounts     -- Authority: Include ALL interest GLs even if they start with 14% 
        or 24%     SELECT
            DISTINCT sp.interest_income_expenditure_gl_num     
        FROM
            sub_prod_master sp     
        INNER JOIN
            cust_acct_master ca 
                ON ca.Sub_Product_Id = sp.Sub_Product_Id     
        WHERE
            sp.interest_income_expenditure_gl_num IS NOT NULL      
        UNION
        -- Interest receivable/payable GLs 
    from
        sub-products with customer accounts     -- Authority: Include ALL interest GLs even if they start with 14% 
        or 24%     SELECT
            DISTINCT sp.interest_receivable_payable_gl_num     
        FROM
            sub_prod_master sp     
        INNER JOIN
            cust_acct_master ca 
                ON ca.Sub_Product_Id = sp.Sub_Product_Id     
        WHERE
            sp.interest_receivable_payable_gl_num IS NOT NULL      
        UNION
        -- Interest income/expenditure GLs 
    from
        sub-products with office accounts     -- Authority: Include ALL interest GLs even if they start with 14% 
        or 24%     SELECT
            DISTINCT sp.interest_income_expenditure_gl_num     
        FROM
            sub_prod_master sp     
        INNER JOIN
            of_acct_master oa 
                ON oa.Sub_Product_Id = sp.Sub_Product_Id     
        WHERE
            sp.interest_income_expenditure_gl_num IS NOT NULL      
        UNION
        -- Interest receivable/payable GLs 
    from
        sub-products with office accounts     -- Authority: Include ALL interest GLs even if they start with 14% 
        or 24%     SELECT
            DISTINCT sp.interest_receivable_payable_gl_num     
        FROM
            sub_prod_master sp     
        INNER JOIN
            of_acct_master oa 
                ON oa.Sub_Product_Id = sp.Sub_Product_Id     
        WHERE
            sp.interest_receivable_payable_gl_num IS NOT NULL ) 
        AND (gl.GL_Num LIKE '1%' 
        OR gl.GL_Num LIKE '2%') 
    ORDER BY
        gl.GL_Num 
2025-10-30 10:07:14 [main] WARN  c.e.m.s.FinancialReportsService [] - No Balance Sheet GL numbers found with accounts
2025-10-30 10:07:14 [main] INFO  c.e.m.s.FinancialReportsService [] - Batch Job 7 completed successfully. Reports generated: {trialBalancePath=reports\20240115\TrialBalance_20240115.csv, reportDate=20240115, success=true, balanceSheetPath=reports\20240115\BalanceSheet_20240115.xlsx, message=Reports generated successfully}
2025-10-30 10:07:14 [main] DEBUG org.hibernate.SQL [] - 
    select
        p1_0.parameter_value 
    from
        parameter_table p1_0 
    where
        p1_0.parameter_name='System_Date'
Hibernate: 
    select
        p1_0.parameter_value 
    from
        parameter_table p1_0 
    where
        p1_0.parameter_name='System_Date'
2025-10-30 10:07:14 [main] DEBUG c.e.m.service.SystemDateService [] - Retrieved System_Date from Parameter_Table: 2024-01-15
2025-10-30 10:07:14 [main] DEBUG c.e.m.service.SystemDateService [] - Generated System_DateTime: 2024-01-15T10:07:14.730251700
2025-10-30 10:07:14 [main] DEBUG org.hibernate.SQL [] - 
    select
        p1_0.parameter_value 
    from
        parameter_table p1_0 
    where
        p1_0.parameter_name='System_Date'
Hibernate: 
    select
        p1_0.parameter_value 
    from
        parameter_table p1_0 
    where
        p1_0.parameter_name='System_Date'
2025-10-30 10:07:14 [main] DEBUG c.e.m.service.SystemDateService [] - Retrieved System_Date from Parameter_Table: 2024-01-15
2025-10-30 10:07:14 [main] DEBUG c.e.m.service.SystemDateService [] - Generated System_DateTime: 2024-01-15T10:07:14.730251700
2025-10-30 10:07:14 [main] DEBUG org.hibernate.SQL [] - 
    select
        p1_0.parameter_value 
    from
        parameter_table p1_0 
    where
        p1_0.parameter_name='System_Date'
Hibernate: 
    select
        p1_0.parameter_value 
    from
        parameter_table p1_0 
    where
        p1_0.parameter_name='System_Date'
2025-10-30 10:07:14 [main] DEBUG c.e.m.service.SystemDateService [] - Retrieved System_Date from Parameter_Table: 2024-01-15
2025-10-30 10:07:14 [main] DEBUG c.e.m.service.SystemDateService [] - Generated System_DateTime: 2024-01-15T10:07:14.745874900
2025-10-30 10:07:14 [main] DEBUG org.hibernate.SQL [] - 
    insert 
    into
        eod_log_table
        (created_timestamp,end_timestamp,eod_date,error_message,failed_at_step,job_name,records_processed,start_timestamp,status,system_date,user_id,eod_log_id) 
    values
        (?,?,?,?,?,?,?,?,?,?,?,default)
Hibernate: 
    insert 
    into
        eod_log_table
        (created_timestamp,end_timestamp,eod_date,error_message,failed_at_step,job_name,records_processed,start_timestamp,status,system_date,user_id,eod_log_id) 
    values
        (?,?,?,?,?,?,?,?,?,?,?,default)
2025-10-30 10:07:14 [main] INFO  c.e.m.s.EODOrchestrationService [] - Batch Job 7 completed successfully. Reports generated: {trialBalancePath=reports\20240115\TrialBalance_20240115.csv, reportDate=20240115, success=true, balanceSheetPath=reports\20240115\BalanceSheet_20240115.xlsx, message=Reports generated successfully}
2025-10-30 10:07:14 [main] INFO  c.e.m.s.EODOrchestrationService [] - Starting Batch Job 8: System Date Increment
2025-10-30 10:07:14 [main] DEBUG org.hibernate.SQL [] - 
    select
        p1_0.parameter_id,
        p1_0.last_updated,
        p1_0.parameter_description,
        p1_0.parameter_name,
        p1_0.parameter_value,
        p1_0.updated_by 
    from
        parameter_table p1_0 
    where
        p1_0.parameter_name=?
Hibernate: 
    select
        p1_0.parameter_id,
        p1_0.last_updated,
        p1_0.parameter_description,
        p1_0.parameter_name,
        p1_0.parameter_value,
        p1_0.updated_by 
    from
        parameter_table p1_0 
    where
        p1_0.parameter_name=?
2025-10-30 10:07:14 [main] DEBUG org.hibernate.SQL [] - 
    update
        parameter_table 
    set
        last_updated=?,
        parameter_description=?,
        parameter_name=?,
        parameter_value=?,
        updated_by=? 
    where
        parameter_id=?
Hibernate: 
    update
        parameter_table 
    set
        last_updated=?,
        parameter_description=?,
        parameter_name=?,
        parameter_value=?,
        updated_by=? 
    where
        parameter_id=?
2025-10-30 10:07:14 [main] DEBUG org.hibernate.SQL [] - 
    select
        p1_0.parameter_value 
    from
        parameter_table p1_0 
    where
        p1_0.parameter_name='System_Date'
Hibernate: 
    select
        p1_0.parameter_value 
    from
        parameter_table p1_0 
    where
        p1_0.parameter_name='System_Date'
2025-10-30 10:07:14 [main] DEBUG c.e.m.service.SystemDateService [] - Retrieved System_Date from Parameter_Table: 2024-01-16
2025-10-30 10:07:14 [main] DEBUG c.e.m.service.SystemDateService [] - Generated System_DateTime: 2024-01-16T10:07:14.768225400
2025-10-30 10:07:14 [main] DEBUG org.hibernate.SQL [] - 
    update
        parameter_table 
    set
        last_updated=?,
        parameter_description=?,
        parameter_name=?,
        parameter_value=?,
        updated_by=? 
    where
        parameter_id=?
Hibernate: 
    update
        parameter_table 
    set
        last_updated=?,
        parameter_description=?,
        parameter_name=?,
        parameter_value=?,
        updated_by=? 
    where
        parameter_id=?
2025-10-30 10:07:14 [main] DEBUG org.hibernate.SQL [] - 
    select
        p1_0.parameter_id,
        p1_0.last_updated,
        p1_0.parameter_description,
        p1_0.parameter_name,
        p1_0.parameter_value,
        p1_0.updated_by 
    from
        parameter_table p1_0 
    where
        p1_0.parameter_name=?
Hibernate: 
    select
        p1_0.parameter_id,
        p1_0.last_updated,
        p1_0.parameter_description,
        p1_0.parameter_name,
        p1_0.parameter_value,
        p1_0.updated_by 
    from
        parameter_table p1_0 
    where
        p1_0.parameter_name=?
2025-10-30 10:07:14 [main] DEBUG org.hibernate.SQL [] - 
    select
        p1_0.parameter_value 
    from
        parameter_table p1_0 
    where
        p1_0.parameter_name='System_Date'
Hibernate: 
    select
        p1_0.parameter_value 
    from
        parameter_table p1_0 
    where
        p1_0.parameter_name='System_Date'
2025-10-30 10:07:14 [main] DEBUG c.e.m.service.SystemDateService [] - Retrieved System_Date from Parameter_Table: 2024-01-16
2025-10-30 10:07:14 [main] DEBUG c.e.m.service.SystemDateService [] - Generated System_DateTime: 2024-01-16T10:07:14.786332800
2025-10-30 10:07:14 [main] DEBUG org.hibernate.SQL [] - 
    select
        p1_0.parameter_id,
        p1_0.last_updated,
        p1_0.parameter_description,
        p1_0.parameter_name,
        p1_0.parameter_value,
        p1_0.updated_by 
    from
        parameter_table p1_0 
    where
        p1_0.parameter_name=?
Hibernate: 
    select
        p1_0.parameter_id,
        p1_0.last_updated,
        p1_0.parameter_description,
        p1_0.parameter_name,
        p1_0.parameter_value,
        p1_0.updated_by 
    from
        parameter_table p1_0 
    where
        p1_0.parameter_name=?
2025-10-30 10:07:14 [main] DEBUG org.hibernate.SQL [] - 
    select
        p1_0.parameter_id,
        p1_0.last_updated,
        p1_0.parameter_description,
        p1_0.parameter_name,
        p1_0.parameter_value,
        p1_0.updated_by 
    from
        parameter_table p1_0 
    where
        p1_0.parameter_name=?
Hibernate: 
    select
        p1_0.parameter_id,
        p1_0.last_updated,
        p1_0.parameter_description,
        p1_0.parameter_name,
        p1_0.parameter_value,
        p1_0.updated_by 
    from
        parameter_table p1_0 
    where
        p1_0.parameter_name=?
2025-10-30 10:07:14 [main] DEBUG org.hibernate.SQL [] - 
    select
        p1_0.parameter_value 
    from
        parameter_table p1_0 
    where
        p1_0.parameter_name='System_Date'
Hibernate: 
    select
        p1_0.parameter_value 
    from
        parameter_table p1_0 
    where
        p1_0.parameter_name='System_Date'
2025-10-30 10:07:14 [main] DEBUG c.e.m.service.SystemDateService [] - Retrieved System_Date from Parameter_Table: 2024-01-16
2025-10-30 10:07:14 [main] DEBUG c.e.m.service.SystemDateService [] - Generated System_DateTime: 2024-01-16T10:07:14.793329200
2025-10-30 10:07:14 [main] DEBUG org.hibernate.SQL [] - 
    select
        p1_0.parameter_value 
    from
        parameter_table p1_0 
    where
        p1_0.parameter_name='System_Date'
Hibernate: 
    select
        p1_0.parameter_value 
    from
        parameter_table p1_0 
    where
        p1_0.parameter_name='System_Date'
2025-10-30 10:07:14 [main] DEBUG c.e.m.service.SystemDateService [] - Retrieved System_Date from Parameter_Table: 2024-01-16
2025-10-30 10:07:14 [main] DEBUG c.e.m.service.SystemDateService [] - Generated System_DateTime: 2024-01-16T10:07:14.794328100
2025-10-30 10:07:14 [main] DEBUG org.hibernate.SQL [] - 
    select
        p1_0.parameter_value 
    from
        parameter_table p1_0 
    where
        p1_0.parameter_name='System_Date'
Hibernate: 
    select
        p1_0.parameter_value 
    from
        parameter_table p1_0 
    where
        p1_0.parameter_name='System_Date'
2025-10-30 10:07:14 [main] DEBUG c.e.m.service.SystemDateService [] - Retrieved System_Date from Parameter_Table: 2024-01-16
2025-10-30 10:07:14 [main] DEBUG c.e.m.service.SystemDateService [] - Generated System_DateTime: 2024-01-16T10:07:14.796326700
2025-10-30 10:07:14 [main] DEBUG org.hibernate.SQL [] - 
    insert 
    into
        eod_log_table
        (created_timestamp,end_timestamp,eod_date,error_message,failed_at_step,job_name,records_processed,start_timestamp,status,system_date,user_id,eod_log_id) 
    values
        (?,?,?,?,?,?,?,?,?,?,?,default)
Hibernate: 
    insert 
    into
        eod_log_table
        (created_timestamp,end_timestamp,eod_date,error_message,failed_at_step,job_name,records_processed,start_timestamp,status,system_date,user_id,eod_log_id) 
    values
        (?,?,?,?,?,?,?,?,?,?,?,default)
2025-10-30 10:07:14 [main] INFO  c.e.m.s.EODOrchestrationService [] - Batch Job 8 completed successfully. System date incremented from 2024-01-15 to 2024-01-16
2025-10-30 10:07:14 [main] DEBUG org.hibernate.SQL [] - 
    select
        p1_0.parameter_value 
    from
        parameter_table p1_0 
    where
        p1_0.parameter_name='System_Date'
Hibernate: 
    select
        p1_0.parameter_value 
    from
        parameter_table p1_0 
    where
        p1_0.parameter_name='System_Date'
2025-10-30 10:07:14 [main] DEBUG c.e.m.service.SystemDateService [] - Retrieved System_Date from Parameter_Table: 2024-01-16
2025-10-30 10:07:14 [main] DEBUG c.e.m.service.SystemDateService [] - Generated System_DateTime: 2024-01-16T10:07:14.801397
2025-10-30 10:07:14 [main] DEBUG org.hibernate.SQL [] - 
    select
        p1_0.parameter_value 
    from
        parameter_table p1_0 
    where
        p1_0.parameter_name='System_Date'
Hibernate: 
    select
        p1_0.parameter_value 
    from
        parameter_table p1_0 
    where
        p1_0.parameter_name='System_Date'
2025-10-30 10:07:14 [main] DEBUG c.e.m.service.SystemDateService [] - Retrieved System_Date from Parameter_Table: 2024-01-16
2025-10-30 10:07:14 [main] DEBUG c.e.m.service.SystemDateService [] - Generated System_DateTime: 2024-01-16T10:07:14.802396100
2025-10-30 10:07:14 [main] DEBUG org.hibernate.SQL [] - 
    select
        p1_0.parameter_value 
    from
        parameter_table p1_0 
    where
        p1_0.parameter_name='System_Date'
Hibernate: 
    select
        p1_0.parameter_value 
    from
        parameter_table p1_0 
    where
        p1_0.parameter_name='System_Date'
2025-10-30 10:07:14 [main] DEBUG c.e.m.service.SystemDateService [] - Retrieved System_Date from Parameter_Table: 2024-01-16
2025-10-30 10:07:14 [main] DEBUG c.e.m.service.SystemDateService [] - Generated System_DateTime: 2024-01-16T10:07:14.804395
2025-10-30 10:07:14 [main] DEBUG org.hibernate.SQL [] - 
    insert 
    into
        eod_log_table
        (created_timestamp,end_timestamp,eod_date,error_message,failed_at_step,job_name,records_processed,start_timestamp,status,system_date,user_id,eod_log_id) 
    values
        (?,?,?,?,?,?,?,?,?,?,?,default)
Hibernate: 
    insert 
    into
        eod_log_table
        (created_timestamp,end_timestamp,eod_date,error_message,failed_at_step,job_name,records_processed,start_timestamp,status,system_date,user_id,eod_log_id) 
    values
        (?,?,?,?,?,?,?,?,?,?,?,default)
2025-10-30 10:07:14 [main] INFO  c.e.m.s.EODOrchestrationService [] - === EOD PROCESS COMPLETED SUCCESSFULLY ===
2025-10-30 10:07:14 [main] DEBUG org.hibernate.SQL [] - 
    select
        p1_0.parameter_value 
    from
        parameter_table p1_0 
    where
        p1_0.parameter_name='System_Date'
Hibernate: 
    select
        p1_0.parameter_value 
    from
        parameter_table p1_0 
    where
        p1_0.parameter_name='System_Date'
2025-10-30 10:07:14 [main] DEBUG c.e.m.service.SystemDateService [] - Retrieved System_Date from Parameter_Table: 2024-01-16
2025-10-30 10:07:14 [main] DEBUG org.hibernate.SQL [] - 
    select
        e1_0.eod_log_id,
        e1_0.created_timestamp,
        e1_0.end_timestamp,
        e1_0.eod_date,
        e1_0.error_message,
        e1_0.failed_at_step,
        e1_0.job_name,
        e1_0.records_processed,
        e1_0.start_timestamp,
        e1_0.status,
        e1_0.system_date,
        e1_0.user_id 
    from
        eod_log_table e1_0 
    where
        e1_0.eod_date=?
Hibernate: 
    select
        e1_0.eod_log_id,
        e1_0.created_timestamp,
        e1_0.end_timestamp,
        e1_0.eod_date,
        e1_0.error_message,
        e1_0.failed_at_step,
        e1_0.job_name,
        e1_0.records_processed,
        e1_0.start_timestamp,
        e1_0.status,
        e1_0.system_date,
        e1_0.user_id 
    from
        eod_log_table e1_0 
    where
        e1_0.eod_date=?
]]></system-out>
  </testcase>
</testsuite>